This is pdfTeX, Version 3.14159265-2.6-1.40.19 (TeX Live 2019/dev/Debian) (preloaded format=pdflatex 2023.12.17)  29 AUG 2024 11:24
entering extended mode
 restricted \write18 enabled.
 %&-line parsing enabled.
**colorful-book.tex
(./colorful-book.tex
LaTeX2e <2018-12-01>

! LaTeX Error: File `package/notes.cls' not found.

Type X to quit or <RETURN> to proceed,
or enter new name. (Default extension: cls)

Enter file name: 
! Emergency stop.
<read *> 
         
l.22 ^^M
        
*** (cannot \read from terminal in nonstop modes)

 
Here is how much of TeX's memory you used:
 11 strings out of 494485
 247 string characters out of 6175791
 52354 words of memory out of 5000000
 3779 multiletter control sequences out of 15000+600000
 3640 words of font info for 14 fonts, out of 8000000 for 9000
 59 hyphenation exceptions out of 8191
 10i,0n,8p,453b,8s stack positions out of 5000i,500n,10000p,200000b,80000s
!  ==> Fatal error occurred, no output PDF file produced!
