This is XeTeX, Version 3.14159265-2.6-0.99999 (TeX Live 2019/dev/Debian) (preloaded format=xelatex 2023.12.17)  20 JUL 2024 11:17
entering extended mode
 restricted \write18 enabled.
 %&-line parsing enabled.
**faith-and-judgement.tex
(.//faith-and-judgement.tex
LaTeX2e <2018-12-01>
(/usr/share/texlive/texmf-dist/tex/latex/base/article.cls
Document Class: article 2018/09/03 v1.4i Standard LaTeX document class
(/usr/share/texlive/texmf-dist/tex/latex/base/size11.clo
File: size11.clo 2018/09/03 v1.4i Standard LaTeX file (size option)
)
\c@part=\count80
\c@section=\count81
\c@subsection=\count82
\c@subsubsection=\count83
\c@paragraph=\count84
\c@subparagraph=\count85
\c@figure=\count86
\c@table=\count87
\abovecaptionskip=\skip41
\belowcaptionskip=\skip42
\bibindent=\dimen102
)
(/usr/share/texlive/texmf-dist/tex/latex/ucs/ucs.sty
Package: ucs 2013/05/11 v2.2 UCS: Unicode input support

(/usr/share/texlive/texmf-dist/tex/latex/ucs/data/uni-global.def
File: uni-global.def 2013/05/13 UCS: Unicode global data
)
\uc@secondtry=\count88
\uc@combtoks=\toks14
\uc@combtoksb=\toks15
\uc@temptokena=\toks16
)
(/usr/share/texlive/texmf-dist/tex/latex/graphics/graphicx.sty
Package: graphicx 2017/06/01 v1.1a Enhanced LaTeX Graphics (DPC,SPQR)

(/usr/share/texlive/texmf-dist/tex/latex/graphics/keyval.sty
Package: keyval 2014/10/28 v1.15 key=value parser (DPC)
\KV@toks@=\toks17
)
(/usr/share/texlive/texmf-dist/tex/latex/graphics/graphics.sty
Package: graphics 2017/06/25 v1.2c Standard LaTeX Graphics (DPC,SPQR)

(/usr/share/texlive/texmf-dist/tex/latex/graphics/trig.sty
Package: trig 2016/01/03 v1.10 sin cos tan (DPC)
)
(/usr/share/texlive/texmf-dist/tex/latex/graphics-cfg/graphics.cfg
File: graphics.cfg 2016/06/04 v1.11 sample graphics configuration
)
Package graphics Info: Driver file: xetex.def on input line 99.

(/usr/share/texlive/texmf-dist/tex/latex/graphics-def/xetex.def
File: xetex.def 2017/06/24 v5.0h Graphics/color driver for xetex
))
\Gin@req@height=\dimen103
\Gin@req@width=\dimen104
)
(/usr/share/texlive/texmf-dist/tex/latex/tools/longtable.sty
Package: longtable 2014/10/28 v4.11 Multi-page Table package (DPC)+ FMi change
\LTleft=\skip43
\LTright=\skip44
\LTpre=\skip45
\LTpost=\skip46
\LTchunksize=\count89
\LTcapwidth=\dimen105
\LT@head=\box27
\LT@firsthead=\box28
\LT@foot=\box29
\LT@lastfoot=\box30
\LT@cols=\count90
\LT@rows=\count91
\c@LT@tables=\count92
\c@LT@chunks=\count93
\LT@p@ftn=\toks18
)
(/usr/share/texlive/texmf-dist/tex/latex/wrapfig/wrapfig.sty
\wrapoverhang=\dimen106
\WF@size=\dimen107
\c@WF@wrappedlines=\count94
\WF@box=\box31
\WF@everypar=\toks19
Package: wrapfig 2003/01/31  v 3.6
)
(/usr/share/texlive/texmf-dist/tex/latex/graphics/rotating.sty
Package: rotating 2016/08/11 v2.16d rotated objects in LaTeX

(/usr/share/texlive/texmf-dist/tex/latex/base/ifthen.sty
Package: ifthen 2014/09/29 v1.1c Standard LaTeX ifthen package (DPC)
)
\c@r@tfl@t=\count95
\rotFPtop=\skip47
\rotFPbot=\skip48
\rot@float@box=\box32
\rot@mess@toks=\toks20
)
(/usr/share/texlive/texmf-dist/tex/generic/ulem/ulem.sty
\UL@box=\box33
\UL@hyphenbox=\box34
\UL@skip=\skip49
\UL@hook=\toks21
\UL@height=\dimen108
\UL@pe=\count96
\UL@pixel=\dimen109
\ULC@box=\box35
Package: ulem 2012/05/18
\ULdepth=\dimen110
)
(/usr/share/texlive/texmf-dist/tex/latex/amsmath/amsmath.sty
Package: amsmath 2018/12/01 v2.17b AMS math features
\@mathmargin=\skip50

For additional information on amsmath, use the `?' option.
(/usr/share/texlive/texmf-dist/tex/latex/amsmath/amstext.sty
Package: amstext 2000/06/29 v2.01 AMS text

(/usr/share/texlive/texmf-dist/tex/latex/amsmath/amsgen.sty
File: amsgen.sty 1999/11/30 v2.0 generic functions
\@emptytoks=\toks22
\ex@=\dimen111
))
(/usr/share/texlive/texmf-dist/tex/latex/amsmath/amsbsy.sty
Package: amsbsy 1999/11/29 v1.2d Bold Symbols
\pmbraise@=\dimen112
)
(/usr/share/texlive/texmf-dist/tex/latex/amsmath/amsopn.sty
Package: amsopn 2016/03/08 v2.02 operator names
)
\inf@bad=\count97
LaTeX Info: Redefining \frac on input line 223.
\uproot@=\count98
\leftroot@=\count99
LaTeX Info: Redefining \overline on input line 385.
\classnum@=\count100
\DOTSCASE@=\count101
LaTeX Info: Redefining \ldots on input line 482.
LaTeX Info: Redefining \dots on input line 485.
LaTeX Info: Redefining \cdots on input line 606.
\Mathstrutbox@=\box36
\strutbox@=\box37
\big@size=\dimen113
LaTeX Font Info:    Redeclaring font encoding OML on input line 729.
LaTeX Font Info:    Redeclaring font encoding OMS on input line 730.
\macc@depth=\count102
\c@MaxMatrixCols=\count103
\dotsspace@=\muskip10
\c@parentequation=\count104
\dspbrk@lvl=\count105
\tag@help=\toks23
\row@=\count106
\column@=\count107
\maxfields@=\count108
\andhelp@=\toks24
\eqnshift@=\dimen114
\alignsep@=\dimen115
\tagshift@=\dimen116
\tagwidth@=\dimen117
\totwidth@=\dimen118
\lineht@=\dimen119
\@envbody=\toks25
\multlinegap=\skip51
\multlinetaggap=\skip52
\mathdisplay@stack=\toks26
LaTeX Info: Redefining \[ on input line 2844.
LaTeX Info: Redefining \] on input line 2845.
)
(/usr/share/texlive/texmf-dist/tex/latex/amsfonts/amssymb.sty
Package: amssymb 2013/01/14 v3.01 AMS font symbols

(/usr/share/texlive/texmf-dist/tex/latex/amsfonts/amsfonts.sty
Package: amsfonts 2013/01/14 v3.01 Basic AMSFonts support
\symAMSa=\mathgroup4
\symAMSb=\mathgroup5
LaTeX Font Info:    Overwriting math alphabet `\mathfrak' in version `bold'
(Font)                  U/euf/m/n --> U/euf/b/n on input line 106.
))
(/usr/share/texlive/texmf-dist/tex/latex/capt-of/capt-of.sty
Package: capt-of 2009/12/29 v0.2 standard captions outside of floats
)
(/usr/share/texlive/texmf-dist/tex/latex/hyperref/hyperref.sty
Package: hyperref 2018/11/30 v6.88e Hypertext links for LaTeX

(/usr/share/texlive/texmf-dist/tex/generic/oberdiek/hobsub-hyperref.sty
Package: hobsub-hyperref 2016/05/16 v1.14 Bundle oberdiek, subset hyperref (HO)


(/usr/share/texlive/texmf-dist/tex/generic/oberdiek/hobsub-generic.sty
Package: hobsub-generic 2016/05/16 v1.14 Bundle oberdiek, subset generic (HO)
Package: hobsub 2016/05/16 v1.14 Construct package bundles (HO)
Package: infwarerr 2016/05/16 v1.4 Providing info/warning/error messages (HO)
Package: ltxcmds 2016/05/16 v1.23 LaTeX kernel commands for general use (HO)
Package: ifluatex 2016/05/16 v1.4 Provides the ifluatex switch (HO)
Package ifluatex Info: LuaTeX not detected.
Package: ifvtex 2016/05/16 v1.6 Detect VTeX and its facilities (HO)
Package ifvtex Info: VTeX not detected.
Package: intcalc 2016/05/16 v1.2 Expandable calculations with integers (HO)
Package: ifpdf 2018/09/07 v3.3 Provides the ifpdf switch
Package: etexcmds 2016/05/16 v1.6 Avoid name clashes with e-TeX commands (HO)
Package: kvsetkeys 2016/05/16 v1.17 Key value parser (HO)
Package: kvdefinekeys 2016/05/16 v1.4 Define keys (HO)
Package: pdftexcmds 2018/09/10 v0.29 Utility functions of pdfTeX for LuaTeX (HO
)
Package pdftexcmds Info: LuaTeX not detected.
Package pdftexcmds Info: pdfTeX >= 1.30 not detected.
Package pdftexcmds Info: \pdf@primitive is available.
Package pdftexcmds Info: \pdf@ifprimitive is available.
Package pdftexcmds Info: \pdfdraftmode not found.
Package: pdfescape 2016/05/16 v1.14 Implements pdfTeX's escape features (HO)
Package: bigintcalc 2016/05/16 v1.4 Expandable calculations on big integers (HO
)
Package: bitset 2016/05/16 v1.2 Handle bit-vector datatype (HO)
Package: uniquecounter 2016/05/16 v1.3 Provide unlimited unique counter (HO)
)
Package hobsub Info: Skipping package `hobsub' (already loaded).
Package: letltxmacro 2016/05/16 v1.5 Let assignment for LaTeX macros (HO)
Package: hopatch 2016/05/16 v1.3 Wrapper for package hooks (HO)
Package: xcolor-patch 2016/05/16 xcolor patch
Package: atveryend 2016/05/16 v1.9 Hooks at the very end of document (HO)
Package atveryend Info: \enddocument detected (standard20110627).
Package: atbegshi 2016/06/09 v1.18 At begin shipout hook (HO)
Package: refcount 2016/05/16 v3.5 Data extraction from label references (HO)
Package: hycolor 2016/05/16 v1.8 Color options for hyperref/bookmark (HO)
)
(/usr/share/texlive/texmf-dist/tex/generic/ifxetex/ifxetex.sty
Package: ifxetex 2010/09/12 v0.6 Provides ifxetex conditional
)
(/usr/share/texlive/texmf-dist/tex/latex/oberdiek/auxhook.sty
Package: auxhook 2016/05/16 v1.4 Hooks for auxiliary files (HO)
)
(/usr/share/texlive/texmf-dist/tex/latex/oberdiek/kvoptions.sty
Package: kvoptions 2016/05/16 v3.12 Key value format for package options (HO)
)
\@linkdim=\dimen120
\Hy@linkcounter=\count109
\Hy@pagecounter=\count110

(/usr/share/texlive/texmf-dist/tex/latex/hyperref/pd1enc.def
File: pd1enc.def 2018/11/30 v6.88e Hyperref: PDFDocEncoding definition (HO)
)
\Hy@SavedSpaceFactor=\count111

(/usr/share/texlive/texmf-dist/tex/latex/latexconfig/hyperref.cfg
File: hyperref.cfg 2002/06/06 v1.2 hyperref configuration of TeXLive
)
Package hyperref Info: Hyper figures OFF on input line 4519.
Package hyperref Info: Link nesting OFF on input line 4524.
Package hyperref Info: Hyper index ON on input line 4527.
Package hyperref Info: Plain pages OFF on input line 4534.
Package hyperref Info: Backreferencing OFF on input line 4539.
Package hyperref Info: Implicit mode ON; LaTeX internals redefined.
Package hyperref Info: Bookmarks ON on input line 4772.
\c@Hy@tempcnt=\count112

(/usr/share/texlive/texmf-dist/tex/latex/url/url.sty
\Urlmuskip=\muskip11
Package: url 2013/09/16  ver 3.4  Verb mode for urls, etc.
)
LaTeX Info: Redefining \url on input line 5125.
\XeTeXLinkMargin=\dimen121
\Fld@menulength=\count113
\Field@Width=\dimen122
\Fld@charsize=\dimen123
Package hyperref Info: Hyper figures OFF on input line 6380.
Package hyperref Info: Link nesting OFF on input line 6385.
Package hyperref Info: Hyper index ON on input line 6388.
Package hyperref Info: backreferencing OFF on input line 6395.
Package hyperref Info: Link coloring OFF on input line 6400.
Package hyperref Info: Link coloring with OCG OFF on input line 6405.
Package hyperref Info: PDF/A mode OFF on input line 6410.
LaTeX Info: Redefining \ref on input line 6450.
LaTeX Info: Redefining \pageref on input line 6454.
\Hy@abspage=\count114
\c@Item=\count115
\c@Hfootnote=\count116
)
Package hyperref Info: Driver (autodetected): hxetex.

(/usr/share/texlive/texmf-dist/tex/latex/hyperref/hxetex.def
File: hxetex.def 2018/11/30 v6.88e Hyperref driver for XeTeX

(/usr/share/texlive/texmf-dist/tex/latex/hyperref/puenc.def
File: puenc.def 2018/11/30 v6.88e Hyperref: PDF Unicode definition (HO)
)
(/usr/share/texlive/texmf-dist/tex/generic/oberdiek/stringenc.sty
Package: stringenc 2016/05/16 v1.11 Convert strings between diff. encodings (HO
)
)
\pdfm@box=\box38
\c@Hy@AnnotLevel=\count117
\HyField@AnnotCount=\count118
\Fld@listcount=\count119
\c@bookmark@seq@number=\count120

(/usr/share/texlive/texmf-dist/tex/latex/oberdiek/rerunfilecheck.sty
Package: rerunfilecheck 2016/05/16 v1.8 Rerun checks for auxiliary files (HO)
Package uniquecounter Info: New unique counter `rerunfilecheck' on input line 2
82.
)
\Hy@SectionHShift=\skip53
)
(/usr/share/texlive/texmf-dist/tex/latex/geometry/geometry.sty
Package: geometry 2018/04/16 v5.8 Page Geometry
\Gm@cnth=\count121
\Gm@cntv=\count122
\c@Gm@tempcnt=\count123
\Gm@bindingoffset=\dimen124
\Gm@wd@mp=\dimen125
\Gm@odd@mp=\dimen126
\Gm@even@mp=\dimen127
\Gm@layoutwidth=\dimen128
\Gm@layoutheight=\dimen129
\Gm@layouthoffset=\dimen130
\Gm@layoutvoffset=\dimen131
\Gm@dimlist=\toks27
)
(/usr/share/texlive/texmf-dist/tex/generic/oberdiek/se-ascii-print.def
File: se-ascii-print.def 2016/05/16 v1.11 stringenc: Printable ASCII characters

)
(.//faith-and-judgement.aux)
\openout1 = `faith-and-judgement.aux'.

LaTeX Font Info:    Checking defaults for OML/cmm/m/it on input line 25.
LaTeX Font Info:    ... okay on input line 25.
LaTeX Font Info:    Checking defaults for T1/cmr/m/n on input line 25.
LaTeX Font Info:    ... okay on input line 25.
LaTeX Font Info:    Checking defaults for OT1/cmr/m/n on input line 25.
LaTeX Font Info:    ... okay on input line 25.
LaTeX Font Info:    Checking defaults for OMS/cmsy/m/n on input line 25.
LaTeX Font Info:    ... okay on input line 25.
LaTeX Font Info:    Checking defaults for TU/lmr/m/n on input line 25.
LaTeX Font Info:    ... okay on input line 25.
LaTeX Font Info:    Checking defaults for OMX/cmex/m/n on input line 25.
LaTeX Font Info:    ... okay on input line 25.
LaTeX Font Info:    Checking defaults for U/cmr/m/n on input line 25.
LaTeX Font Info:    ... okay on input line 25.
LaTeX Font Info:    Checking defaults for PD1/pdf/m/n on input line 25.
LaTeX Font Info:    ... okay on input line 25.
LaTeX Font Info:    Checking defaults for PU/pdf/m/n on input line 25.
LaTeX Font Info:    ... okay on input line 25.

(/usr/share/texlive/texmf-dist/tex/latex/ucs/ucsencs.def
File: ucsencs.def 2011/01/21 Fixes to fontencodings LGR, T3
)
\AtBeginShipoutBox=\box39
Package hyperref Info: Link coloring OFF on input line 25.

(/usr/share/texlive/texmf-dist/tex/latex/hyperref/nameref.sty
Package: nameref 2016/05/21 v2.44 Cross-referencing by name of section

(/usr/share/texlive/texmf-dist/tex/generic/oberdiek/gettitlestring.sty
Package: gettitlestring 2016/05/16 v1.5 Cleanup title references (HO)
)
\c@section@level=\count124
)
LaTeX Info: Redefining \ref on input line 25.
LaTeX Info: Redefining \pageref on input line 25.
LaTeX Info: Redefining \nameref on input line 25.

(.//faith-and-judgement.out) (.//faith-and-judgement.out)
\@outlinefile=\write3
\openout3 = `faith-and-judgement.out'.


*geometry* driver: auto-detecting
*geometry* detected driver: xetex
*geometry* verbose mode - [ preamble ] result:
* driver: xetex
* paper: <default>
* layout: <same size as paper>
* layoutoffset:(h,v)=(0.0pt,0.0pt)
* modes: 
* h-part:(L,W,R)=(36.135pt, 542.02501pt, 36.135pt)
* v-part:(T,H,B)=(36.135pt, 722.7pt, 36.135pt)
* \paperwidth=614.295pt
* \paperheight=794.96999pt
* \textwidth=542.02501pt
* \textheight=722.7pt
* \oddsidemargin=-36.135pt
* \evensidemargin=-36.135pt
* \topmargin=-73.135pt
* \headheight=12.0pt
* \headsep=25.0pt
* \topskip=11.0pt
* \footskip=30.0pt
* \marginparwidth=59.0pt
* \marginparsep=10.0pt
* \columnsep=10.0pt
* \skip\footins=10.0pt plus 4.0pt minus 2.0pt
* \hoffset=0.0pt
* \voffset=0.0pt
* \mag=1000
* \@twocolumnfalse
* \@twosidefalse
* \@mparswitchfalse
* \@reversemarginfalse
* (1in=72.27pt=25.4mm, 1cm=28.453pt)

LaTeX Font Info:    Try loading font information for U+msa on input line 28.
(/usr/share/texlive/texmf-dist/tex/latex/amsfonts/umsa.fd
File: umsa.fd 2013/01/14 v3.01 AMS symbols A
)
LaTeX Font Info:    Try loading font information for U+msb on input line 28.

(/usr/share/texlive/texmf-dist/tex/latex/amsfonts/umsb.fd
File: umsb.fd 2013/01/14 v3.01 AMS symbols B
) [1

] [2] [3] [4]
[5]
Overfull \hbox (61.31995pt too wide) in paragraph at lines 308--309
|   []
 []


Overfull \hbox (2.31276pt too wide) in paragraph at lines 334--335
[]\TU/lmr/m/n/10.95 I don’t believe you
 []

[6] [7] [8] [9] [10] [11] [12] [13] [14]
Overfull \hbox (177.03938pt too wide) in paragraph at lines 750--751
[]
 []

[15] [16]
Overfull \hbox (3.58777pt too wide) in paragraph at lines 828--829
[]\TU/lmr/m/n/10.95 You’ve
 []

[17] [18] [19]
Missing character: There is no ε in font [lmmono10-regular]:!
Missing character: There is no ἶ in font [lmmono10-regular]:!
Missing character: There is no π in font [lmmono10-regular]:!
Missing character: There is no ε in font [lmmono10-regular]:!
Missing character: There is no ν in font [lmmono10-regular]:!
Missing character: There is no Ἀ in font [lmmono10-regular]:!
Missing character: There is no γ in font [lmmono10-regular]:!
Missing character: There is no α in font [lmmono10-regular]:!
Missing character: There is no π in font [lmmono10-regular]:!
Missing character: There is no ή in font [lmmono10-regular]:!
Missing character: There is no σ in font [lmmono10-regular]:!
Missing character: There is no ε in font [lmmono10-regular]:!
Missing character: There is no ι in font [lmmono10-regular]:!
Missing character: There is no ς in font [lmmono10-regular]:!
Missing character: There is no ύ in font [lmmono10-regular]:!
Missing character: There is no ρ in font [lmmono10-regular]:!
Missing character: There is no ι in font [lmmono10-regular]:!
Missing character: There is no ο in font [lmmono10-regular]:!
Missing character: There is no ν in font [lmmono10-regular]:!
Missing character: There is no τ in font [lmmono10-regular]:!
Missing character: There is no ὸ in font [lmmono10-regular]:!
Missing character: There is no ν in font [lmmono10-regular]:!
Missing character: There is no ε in font [lmmono10-regular]:!
Missing character: There is no ό in font [lmmono10-regular]:!
Missing character: There is no ν in font [lmmono10-regular]:!
Missing character: There is no σ in font [lmmono10-regular]:!
Missing character: There is no ο in font [lmmono10-regular]:!
Missing character: There is no υ in font [lmmono10-regular]:!
Missing character: There is no ἐ in font [lmmono10-regular]:!
Missing character: There is no ξ in font [lmmono10-regular]:!
Missing character: There is no ὅ in font [lmmono10-regular]:!
Missing character: There is no λ in font [lmmono10-regular]:!
Missing character: There is no η in font [lmmono10-regular]:!
Missing character: There is no ς in font [lmmono10-regular]:!
Missing character: There is no τ in font [lmmono10-regular]:!
Missing character: There is no ῆ in font [lmmono10-regular]:!
Missing character: There is no ς in font [lmmono10-regular]:!
Missing character: There is no κ in font [lmmono10-regular]:!
Missing character: There is no α in font [lmmono10-regular]:!
Missing character: There is no ρ in font [lmmono10-regular]:!
Missing character: There is no δ in font [lmmono10-regular]:!
Missing character: There is no ί in font [lmmono10-regular]:!
Missing character: There is no α in font [lmmono10-regular]:!
Missing character: There is no ς in font [lmmono10-regular]:!
Missing character: There is no σ in font [lmmono10-regular]:!
Missing character: There is no ο in font [lmmono10-regular]:!
Missing character: There is no υ in font [lmmono10-regular]:!
Missing character: There is no κ in font [lmmono10-regular]:!
Missing character: There is no α in font [lmmono10-regular]:!
Missing character: There is no ὶ in font [lmmono10-regular]:!
Missing character: There is no ἐ in font [lmmono10-regular]:!
Missing character: There is no ν in font [lmmono10-regular]:!
Missing character: There is no ὅ in font [lmmono10-regular]:!
Missing character: There is no λ in font [lmmono10-regular]:!
Missing character: There is no ῃ in font [lmmono10-regular]:!
Missing character: There is no τ in font [lmmono10-regular]:!
Missing character: There is no ῇ in font [lmmono10-regular]:!
Missing character: There is no ψ in font [lmmono10-regular]:!
Missing character: There is no υ in font [lmmono10-regular]:!
Missing character: There is no χ in font [lmmono10-regular]:!
Missing character: There is no ῇ in font [lmmono10-regular]:!
Missing character: There is no σ in font [lmmono10-regular]:!
Missing character: There is no ο in font [lmmono10-regular]:!
Missing character: There is no υ in font [lmmono10-regular]:!
Missing character: There is no κ in font [lmmono10-regular]:!
Missing character: There is no α in font [lmmono10-regular]:!
Missing character: There is no ὶ in font [lmmono10-regular]:!
Missing character: There is no ἐ in font [lmmono10-regular]:!
Missing character: There is no ν in font [lmmono10-regular]:!
Missing character: There is no ὅ in font [lmmono10-regular]:!
Missing character: There is no λ in font [lmmono10-regular]:!
Missing character: There is no ῃ in font [lmmono10-regular]:!
Missing character: There is no τ in font [lmmono10-regular]:!
Missing character: There is no ῇ in font [lmmono10-regular]:!
Missing character: There is no ἰ in font [lmmono10-regular]:!
Missing character: There is no σ in font [lmmono10-regular]:!
Missing character: There is no χ in font [lmmono10-regular]:!
Missing character: There is no ύ in font [lmmono10-regular]:!
Missing character: There is no ϊ in font [lmmono10-regular]:!
Missing character: There is no σ in font [lmmono10-regular]:!
Missing character: There is no ο in font [lmmono10-regular]:!
Missing character: There is no υ in font [lmmono10-regular]:!
Missing character: There is no κ in font [lmmono10-regular]:!
Missing character: There is no α in font [lmmono10-regular]:!
Missing character: There is no ὶ in font [lmmono10-regular]:!
Missing character: There is no ἐ in font [lmmono10-regular]:!
Missing character: There is no ν in font [lmmono10-regular]:!
Missing character: There is no ὅ in font [lmmono10-regular]:!
Missing character: There is no λ in font [lmmono10-regular]:!
Missing character: There is no ῃ in font [lmmono10-regular]:!
Missing character: There is no τ in font [lmmono10-regular]:!
Missing character: There is no ῇ in font [lmmono10-regular]:!
Missing character: There is no δ in font [lmmono10-regular]:!
Missing character: There is no ι in font [lmmono10-regular]:!
Missing character: There is no α in font [lmmono10-regular]:!
Missing character: There is no ν in font [lmmono10-regular]:!
Missing character: There is no ο in font [lmmono10-regular]:!
Missing character: There is no ί in font [lmmono10-regular]:!
Missing character: There is no ᾳ in font [lmmono10-regular]:!
Missing character: There is no σ in font [lmmono10-regular]:!
Missing character: There is no ο in font [lmmono10-regular]:!
Missing character: There is no υ in font [lmmono10-regular]:!
Missing character: There is no κ in font [lmmono10-regular]:!
Missing character: There is no α in font [lmmono10-regular]:!
Missing character: There is no ὶ in font [lmmono10-regular]:!
Missing character: There is no ὸ in font [lmmono10-regular]:!
Missing character: There is no ν in font [lmmono10-regular]:!
Missing character: There is no π in font [lmmono10-regular]:!
Missing character: There is no λ in font [lmmono10-regular]:!
Missing character: There is no η in font [lmmono10-regular]:!
Missing character: There is no σ in font [lmmono10-regular]:!
Missing character: There is no ί in font [lmmono10-regular]:!
Missing character: There is no ο in font [lmmono10-regular]:!
Missing character: There is no ν in font [lmmono10-regular]:!
Missing character: There is no σ in font [lmmono10-regular]:!
Missing character: There is no ο in font [lmmono10-regular]:!
Missing character: There is no υ in font [lmmono10-regular]:!
Missing character: There is no ὡ in font [lmmono10-regular]:!
Missing character: There is no ς in font [lmmono10-regular]:!
Missing character: There is no σ in font [lmmono10-regular]:!
Missing character: There is no ε in font [lmmono10-regular]:!
Missing character: There is no α in font [lmmono10-regular]:!
Missing character: There is no υ in font [lmmono10-regular]:!
Missing character: There is no τ in font [lmmono10-regular]:!
Missing character: There is no ό in font [lmmono10-regular]:!
Missing character: There is no ν in font [lmmono10-regular]:!
 [20] [21] [22] [23] [24] [25] [26] [27] [28]

Package hyperref Warning: Token not allowed in a PDF string (Unicode):
(hyperref)                removing `math shift' on input line 1435.


Package hyperref Warning: Token not allowed in a PDF string (Unicode):
(hyperref)                removing `\@@underline' on input line 1435.


Package hyperref Warning: Token not allowed in a PDF string (Unicode):
(hyperref)                removing `\hbox' on input line 1435.


Package hyperref Warning: Token not allowed in a PDF string (Unicode):
(hyperref)                removing `\mathsurround' on input line 1435.


Package hyperref Warning: Token not allowed in a PDF string (Unicode):
(hyperref)                removing `\z@' on input line 1435.


Package hyperref Warning: Token not allowed in a PDF string (Unicode):
(hyperref)                removing `math shift' on input line 1435.

[29] [30] [31]
Missing character: There is no מ in font [lmmono10-regular]:!
Missing character: There is no ו in font [lmmono10-regular]:!
Missing character: There is no ֹ in font [lmmono10-regular]:!
Missing character: There is no ש in font [lmmono10-regular]:!
Missing character: There is no ׁ in font [lmmono10-regular]:!
Missing character: There is no ִ in font [lmmono10-regular]:!
Missing character: There is no י in font [lmmono10-regular]:!
Missing character: There is no ע in font [lmmono10-regular]:!
Missing character: There is no ַ in font [lmmono10-regular]:!
Missing character: There is no ע in font [lmmono10-regular]:!
Missing character: There is no ו in font [lmmono10-regular]:!
Missing character: There is no ֹ in font [lmmono10-regular]:!
Missing character: There is no ז in font [lmmono10-regular]:!
Missing character: There is no ֵ in font [lmmono10-regular]:!
Missing character: There is no ר in font [lmmono10-regular]:!
 [32] [33] [34] [35] [36] [37] [38] [39] [40] [41] [42] [43]
[44] [45] [46] [47] [48] [49]
Overfull \hbox (61.31995pt too wide) in paragraph at lines 2489--2490
|   []
 []

[50]
Overfull \hbox (61.31995pt too wide) in paragraph at lines 2542--2543
|   []
 []

[51] [52] [53] [54] [55] [56] [57]
Overfull \hbox (40.72736pt too wide) in paragraph at lines 2914--2915
\TU/lmr/m/n/10.95 as in obeying the voice of the LORD? Behold, |   []   |   [],
 and |   [].
 []

[58] [59] [60] [61] [62] [63]
Overfull \hbox (113.33235pt too wide) in paragraph at lines 3240--3240
[]\TU/lmtt/m/n/10.95 1  5620      27       1473     2531     3842     5219     
       3361     5613     1722     3588     3952     1473[] 
 []


Overfull \hbox (107.5836pt too wide) in paragraph at lines 3240--3240
[]\TU/lmtt/m/n/10.95 2  Hōste     agapētoi mou      kathōs   pantote  hypēkousa
te     mē       hōs      en       tē       parousia mou[] 
 []

Missing character: There is no Ὥ in font [lmmono10-regular]:!
Missing character: There is no σ in font [lmmono10-regular]:!
Missing character: There is no τ in font [lmmono10-regular]:!
Missing character: There is no ε in font [lmmono10-regular]:!
Missing character: There is no ἀ in font [lmmono10-regular]:!
Missing character: There is no γ in font [lmmono10-regular]:!
Missing character: There is no α in font [lmmono10-regular]:!
Missing character: There is no π in font [lmmono10-regular]:!
Missing character: There is no η in font [lmmono10-regular]:!
Missing character: There is no τ in font [lmmono10-regular]:!
Missing character: There is no ο in font [lmmono10-regular]:!
Missing character: There is no ί in font [lmmono10-regular]:!
Missing character: There is no μ in font [lmmono10-regular]:!
Missing character: There is no ο in font [lmmono10-regular]:!
Missing character: There is no υ in font [lmmono10-regular]:!
Missing character: There is no κ in font [lmmono10-regular]:!
Missing character: There is no α in font [lmmono10-regular]:!
Missing character: There is no θ in font [lmmono10-regular]:!
Missing character: There is no ὼ in font [lmmono10-regular]:!
Missing character: There is no ς in font [lmmono10-regular]:!
Missing character: There is no π in font [lmmono10-regular]:!
Missing character: There is no ά in font [lmmono10-regular]:!
Missing character: There is no ν in font [lmmono10-regular]:!
Missing character: There is no τ in font [lmmono10-regular]:!
Missing character: There is no ο in font [lmmono10-regular]:!
Missing character: There is no τ in font [lmmono10-regular]:!
Missing character: There is no ε in font [lmmono10-regular]:!
Missing character: There is no ὑ in font [lmmono10-regular]:!
Missing character: There is no π in font [lmmono10-regular]:!
Missing character: There is no η in font [lmmono10-regular]:!
Missing character: There is no κ in font [lmmono10-regular]:!
Missing character: There is no ο in font [lmmono10-regular]:!
Missing character: There is no ύ in font [lmmono10-regular]:!
Missing character: There is no σ in font [lmmono10-regular]:!
Missing character: There is no α in font [lmmono10-regular]:!
Missing character: There is no τ in font [lmmono10-regular]:!
Missing character: There is no ε in font [lmmono10-regular]:!
Missing character: There is no μ in font [lmmono10-regular]:!
Missing character: There is no ὴ in font [lmmono10-regular]:!
Missing character: There is no ὡ in font [lmmono10-regular]:!
Missing character: There is no ς in font [lmmono10-regular]:!
Missing character: There is no ἐ in font [lmmono10-regular]:!
Missing character: There is no ν in font [lmmono10-regular]:!
Missing character: There is no τ in font [lmmono10-regular]:!
Missing character: There is no ῇ in font [lmmono10-regular]:!
Missing character: There is no π in font [lmmono10-regular]:!
Missing character: There is no α in font [lmmono10-regular]:!
Missing character: There is no ρ in font [lmmono10-regular]:!
Missing character: There is no ο in font [lmmono10-regular]:!
Missing character: There is no υ in font [lmmono10-regular]:!
Missing character: There is no σ in font [lmmono10-regular]:!
Missing character: There is no ί in font [lmmono10-regular]:!
Missing character: There is no ᾳ in font [lmmono10-regular]:!
Missing character: There is no μ in font [lmmono10-regular]:!
Missing character: There is no ο in font [lmmono10-regular]:!
Missing character: There is no υ in font [lmmono10-regular]:!

Overfull \hbox (119.0811pt too wide) in paragraph at lines 3240--3240
[]\TU/lmtt/m/n/10.95 4  Therefore beloved  of me    just as  always   you have 
obeyed not      as       in       the      presence of me[] 
 []


Overfull \hbox (136.32735pt too wide) in paragraph at lines 3240--3240
[]\TU/lmtt/m/n/10.95 5  Conj      Adj-VMP  PPro-G1S Adv      Adv      V-AIA-2P 
       Adv      Adv      Prep     Art-DFS  N-DFS    PPro-G1S[] 
 []


Overfull \hbox (55.84486pt too wide) in paragraph at lines 3248--3248
[]\TU/lmtt/m/n/10.95 1  3440     235     3568     4183     3123     1722     35
88     666     1473     3326     5401     2532[] 
 []


Overfull \hbox (50.09612pt too wide) in paragraph at lines 3248--3248
[]\TU/lmtt/m/n/10.95 2  monon    alla    nyn      pollō    mallon   en       tē
       apousia mou      meta     phobou   kai[] 
 []

Missing character: There is no μ in font [lmmono10-regular]:!
Missing character: There is no ό in font [lmmono10-regular]:!
Missing character: There is no ν in font [lmmono10-regular]:!
Missing character: There is no ο in font [lmmono10-regular]:!
Missing character: There is no ν in font [lmmono10-regular]:!
Missing character: There is no ἀ in font [lmmono10-regular]:!
Missing character: There is no λ in font [lmmono10-regular]:!
Missing character: There is no λ in font [lmmono10-regular]:!
Missing character: There is no ὰ in font [lmmono10-regular]:!
Missing character: There is no ν in font [lmmono10-regular]:!
Missing character: There is no ῦ in font [lmmono10-regular]:!
Missing character: There is no ν in font [lmmono10-regular]:!
Missing character: There is no π in font [lmmono10-regular]:!
Missing character: There is no ο in font [lmmono10-regular]:!
Missing character: There is no λ in font [lmmono10-regular]:!
Missing character: There is no λ in font [lmmono10-regular]:!
Missing character: There is no ῷ in font [lmmono10-regular]:!
Missing character: There is no μ in font [lmmono10-regular]:!
Missing character: There is no ᾶ in font [lmmono10-regular]:!
Missing character: There is no λ in font [lmmono10-regular]:!
Missing character: There is no λ in font [lmmono10-regular]:!
Missing character: There is no ο in font [lmmono10-regular]:!
Missing character: There is no ν in font [lmmono10-regular]:!
Missing character: There is no ἐ in font [lmmono10-regular]:!
Missing character: There is no ν in font [lmmono10-regular]:!
Missing character: There is no τ in font [lmmono10-regular]:!
Missing character: There is no ῇ in font [lmmono10-regular]:!
Missing character: There is no ἀ in font [lmmono10-regular]:!
Missing character: There is no π in font [lmmono10-regular]:!
Missing character: There is no ο in font [lmmono10-regular]:!
Missing character: There is no υ in font [lmmono10-regular]:!
Missing character: There is no σ in font [lmmono10-regular]:!
Missing character: There is no ί in font [lmmono10-regular]:!
Missing character: There is no ᾳ in font [lmmono10-regular]:!
Missing character: There is no μ in font [lmmono10-regular]:!
Missing character: There is no ο in font [lmmono10-regular]:!
Missing character: There is no υ in font [lmmono10-regular]:!
Missing character: There is no μ in font [lmmono10-regular]:!
Missing character: There is no ε in font [lmmono10-regular]:!
Missing character: There is no τ in font [lmmono10-regular]:!
Missing character: There is no ὰ in font [lmmono10-regular]:!
Missing character: There is no φ in font [lmmono10-regular]:!
Missing character: There is no ό in font [lmmono10-regular]:!
Missing character: There is no β in font [lmmono10-regular]:!
Missing character: There is no ο in font [lmmono10-regular]:!
Missing character: There is no υ in font [lmmono10-regular]:!
Missing character: There is no κ in font [lmmono10-regular]:!
Missing character: There is no α in font [lmmono10-regular]:!
Missing character: There is no ὶ in font [lmmono10-regular]:!

Overfull \hbox (50.09612pt too wide) in paragraph at lines 3248--3248
[]\TU/lmtt/m/n/10.95 4  only     but     now      much     more     in       th
e      absence of me    with     fear     and[] 
 []


Overfull \hbox (55.84486pt too wide) in paragraph at lines 3248--3248
[]\TU/lmtt/m/n/10.95 5  Adv      Conj    Adv      Adj-DNS  Adv      Prep     Ar
t-DFS  N-DFS   PPro-G1S Prep     N-GMS    Conj[] 
 []

Missing character: There is no τ in font [lmmono10-regular]:!
Missing character: There is no ρ in font [lmmono10-regular]:!
Missing character: There is no ό in font [lmmono10-regular]:!
Missing character: There is no μ in font [lmmono10-regular]:!
Missing character: There is no ο in font [lmmono10-regular]:!
Missing character: There is no υ in font [lmmono10-regular]:!
Missing character: There is no τ in font [lmmono10-regular]:!
Missing character: There is no ὴ in font [lmmono10-regular]:!
Missing character: There is no ν in font [lmmono10-regular]:!
Missing character: There is no ἑ in font [lmmono10-regular]:!
Missing character: There is no α in font [lmmono10-regular]:!
Missing character: There is no υ in font [lmmono10-regular]:!
Missing character: There is no τ in font [lmmono10-regular]:!
Missing character: There is no ῶ in font [lmmono10-regular]:!
Missing character: There is no ν in font [lmmono10-regular]:!
Missing character: There is no σ in font [lmmono10-regular]:!
Missing character: There is no ω in font [lmmono10-regular]:!
Missing character: There is no τ in font [lmmono10-regular]:!
Missing character: There is no η in font [lmmono10-regular]:!
Missing character: There is no ρ in font [lmmono10-regular]:!
Missing character: There is no ί in font [lmmono10-regular]:!
Missing character: There is no α in font [lmmono10-regular]:!
Missing character: There is no ν in font [lmmono10-regular]:!
Missing character: There is no κ in font [lmmono10-regular]:!
Missing character: There is no α in font [lmmono10-regular]:!
Missing character: There is no τ in font [lmmono10-regular]:!
Missing character: There is no ε in font [lmmono10-regular]:!
Missing character: There is no ρ in font [lmmono10-regular]:!
Missing character: There is no γ in font [lmmono10-regular]:!
Missing character: There is no ά in font [lmmono10-regular]:!
Missing character: There is no ζ in font [lmmono10-regular]:!
Missing character: There is no ε in font [lmmono10-regular]:!
Missing character: There is no σ in font [lmmono10-regular]:!
Missing character: There is no θ in font [lmmono10-regular]:!
Missing character: There is no ε in font [lmmono10-regular]:!
[64] [65] [66] [67] [68] [69] [70] [71] [72] [73] [74]

Package hyperref Warning: Token not allowed in a PDF string (Unicode):
(hyperref)                removing `math shift' on input line 3871.


Package hyperref Warning: Token not allowed in a PDF string (Unicode):
(hyperref)                removing `\@@underline' on input line 3871.


Package hyperref Warning: Token not allowed in a PDF string (Unicode):
(hyperref)                removing `\hbox' on input line 3871.


Package hyperref Warning: Token not allowed in a PDF string (Unicode):
(hyperref)                removing `\mathsurround' on input line 3871.


Package hyperref Warning: Token not allowed in a PDF string (Unicode):
(hyperref)                removing `\z@' on input line 3871.


Package hyperref Warning: Token not allowed in a PDF string (Unicode):
(hyperref)                removing `math shift' on input line 3871.

[75] [76] [77] [78] [79] [80] [81]
Overfull \hbox (98.66147pt too wide) in paragraph at lines 4281--4282
[]\TU/lmr/m/n/10.95 I believe strongly that I am \TU/lmr/bx/n/10.95 currently \
TU/lmr/m/n/10.95 going through this and I have been going through this discipli
ne/testing/repentance/forgiving-
 []

[82] [83]
Overfull \hbox (177.03938pt too wide) in paragraph at lines 4416--4417
[]
 []

[84] [85] [86] [87] [88] [89] [90] [91] [92] [93] [94] [95] [96] [97] [98]
[99]

Package hyperref Warning: Token not allowed in a PDF string (Unicode):
(hyperref)                removing `math shift' on input line 5317.


Package hyperref Warning: Token not allowed in a PDF string (Unicode):
(hyperref)                removing `\@@underline' on input line 5317.


Package hyperref Warning: Token not allowed in a PDF string (Unicode):
(hyperref)                removing `\hbox' on input line 5317.


Package hyperref Warning: Token not allowed in a PDF string (Unicode):
(hyperref)                removing `\mathsurround' on input line 5317.


Package hyperref Warning: Token not allowed in a PDF string (Unicode):
(hyperref)                removing `\z@' on input line 5317.


Package hyperref Warning: Token not allowed in a PDF string (Unicode):
(hyperref)                removing `math shift' on input line 5317.

[100] [101] [102] [103] [104]
Missing character: There is no ἀ in font [lmroman10-regular]:mapping=tex-text;!
Missing character: There is no π in font [lmroman10-regular]:mapping=tex-text;!
Missing character: There is no ό in font [lmroman10-regular]:mapping=tex-text;!
Missing character: There is no σ in font [lmroman10-regular]:mapping=tex-text;!
Missing character: There is no τ in font [lmroman10-regular]:mapping=tex-text;!
Missing character: There is no ο in font [lmroman10-regular]:mapping=tex-text;!
Missing character: There is no λ in font [lmroman10-regular]:mapping=tex-text;!
Missing character: There is no ο in font [lmroman10-regular]:mapping=tex-text;!
Missing character: There is no ς in font [lmroman10-regular]:mapping=tex-text;!
Missing character: There is no ἀ in font [lmroman10-regular]:mapping=tex-text;!
Missing character: There is no π in font [lmroman10-regular]:mapping=tex-text;!
Missing character: There is no ο in font [lmroman10-regular]:mapping=tex-text;!
Missing character: There is no σ in font [lmroman10-regular]:mapping=tex-text;!
Missing character: There is no τ in font [lmroman10-regular]:mapping=tex-text;!
Missing character: There is no έ in font [lmroman10-regular]:mapping=tex-text;!
Missing character: There is no λ in font [lmroman10-regular]:mapping=tex-text;!
Missing character: There is no λ in font [lmroman10-regular]:mapping=tex-text;!
Missing character: There is no ε in font [lmroman10-regular]:mapping=tex-text;!
Missing character: There is no ι in font [lmroman10-regular]:mapping=tex-text;!
Missing character: There is no ν in font [lmroman10-regular]:mapping=tex-text;!
 [105] [106] [107]

Package hyperref Warning: Token not allowed in a PDF string (Unicode):
(hyperref)                removing `math shift' on input line 5695.


Package hyperref Warning: Token not allowed in a PDF string (Unicode):
(hyperref)                removing `\@@underline' on input line 5695.


Package hyperref Warning: Token not allowed in a PDF string (Unicode):
(hyperref)                removing `\hbox' on input line 5695.


Package hyperref Warning: Token not allowed in a PDF string (Unicode):
(hyperref)                removing `\mathsurround' on input line 5695.


Package hyperref Warning: Token not allowed in a PDF string (Unicode):
(hyperref)                removing `\z@' on input line 5695.


Package hyperref Warning: Token not allowed in a PDF string (Unicode):
(hyperref)                removing `math shift' on input line 5695.


Package hyperref Warning: Token not allowed in a PDF string (Unicode):
(hyperref)                removing `math shift' on input line 5695.


Package hyperref Warning: Token not allowed in a PDF string (Unicode):
(hyperref)                removing `\@@underline' on input line 5695.


Package hyperref Warning: Token not allowed in a PDF string (Unicode):
(hyperref)                removing `\hbox' on input line 5695.


Package hyperref Warning: Token not allowed in a PDF string (Unicode):
(hyperref)                removing `\mathsurround' on input line 5695.


Package hyperref Warning: Token not allowed in a PDF string (Unicode):
(hyperref)                removing `\z@' on input line 5695.


Package hyperref Warning: Token not allowed in a PDF string (Unicode):
(hyperref)                removing `math shift' on input line 5695.

[108]
Missing character: There is no ו in font [lmmono10-regular]:!
Missing character: There is no ְ in font [lmmono10-regular]:!
Missing character: There is no ה in font [lmmono10-regular]:!
Missing character: There is no ָ in font [lmmono10-regular]:!
Missing character: There is no י in font [lmmono10-regular]:!
Missing character: There is no ָ in font [lmmono10-regular]:!
Missing character: There is no ֗ in font [lmmono10-regular]:!
Missing character: There is no ה in font [lmmono10-regular]:!
Missing character: There is no א in font [lmmono10-regular]:!
Missing character: There is no ִ in font [lmmono10-regular]:!
Missing character: There is no ם in font [lmmono10-regular]:!
Missing character: There is no ־ in font [lmmono10-regular]:!
Missing character: There is no ש in font [lmmono10-regular]:!
Missing character: There is no ָ in font [lmmono10-regular]:!
Missing character: There is no ׁ in font [lmmono10-regular]:!
Missing character: There is no מ in font [lmmono10-regular]:!
Missing character: There is no ֤ in font [lmmono10-regular]:!
Missing character: There is no ו in font [lmmono10-regular]:!
Missing character: There is no ֹ in font [lmmono10-regular]:!
Missing character: There is no ע in font [lmmono10-regular]:!
Missing character: There is no ַ in font [lmmono10-regular]:!
Missing character: There is no ת in font [lmmono10-regular]:!
Missing character: There is no ִ in font [lmmono10-regular]:!
Missing character: There is no ּ in font [lmmono10-regular]:!
Missing character: There is no ש in font [lmmono10-regular]:!
Missing character: There is no ְ in font [lmmono10-regular]:!
Missing character: There is no ׁ in font [lmmono10-regular]:!
Missing character: There is no מ in font [lmmono10-regular]:!
Missing character: There is no ַ in font [lmmono10-regular]:!
Missing character: There is no ע in font [lmmono10-regular]:!
Missing character: There is no ֙ in font [lmmono10-regular]:!
Missing character: There is no ב in font [lmmono10-regular]:!
Missing character: There is no ְ in font [lmmono10-regular]:!
Missing character: There is no ּ in font [lmmono10-regular]:!
Missing character: There is no ק in font [lmmono10-regular]:!
Missing character: There is no ו in font [lmmono10-regular]:!
Missing character: There is no ֹ in font [lmmono10-regular]:!
Missing character: There is no ל in font [lmmono10-regular]:!
Missing character: There is no ֙ in font [lmmono10-regular]:!
Missing character: There is no י in font [lmmono10-regular]:!
Missing character: There is no ְ in font [lmmono10-regular]:!
Missing character: There is no ה in font [lmmono10-regular]:!
Missing character: There is no ו in font [lmmono10-regular]:!
Missing character: There is no ָ in font [lmmono10-regular]:!
Missing character: There is no ֣ in font [lmmono10-regular]:!
Missing character: There is no ה in font [lmmono10-regular]:!
 [109] [110] [111] [112] [113] [114] [115]
Underfull \hbox (badness 6775) in paragraph at lines 6142--6142
[]\TU/lmr/m/n/10.95 because Abraham obeyed my
 []

[116]
Overfull \hbox (359.34225pt too wide) in paragraph at lines 6159--6160
[]
 []

[117] [118] [119]
Overfull \hbox (4.39815pt too wide) in paragraph at lines 6364--6365
[]\TU/lmr/m/n/10.95 “Whoever” means that any person can
 []

[120]
Missing character: There is no σ in font [lmmono10-regular]:!
Missing character: There is no ω in font [lmmono10-regular]:!
Missing character: There is no θ in font [lmmono10-regular]:!
Missing character: There is no ή in font [lmmono10-regular]:!
Missing character: There is no σ in font [lmmono10-regular]:!
Missing character: There is no ῃ in font [lmmono10-regular]:!
 [121]
Missing character: There is no ύ in font [lmroman10-italic]:mapping=tex-text;!
Missing character: There is no ρ in font [lmroman10-italic]:mapping=tex-text;!
Missing character: There is no ι in font [lmroman10-italic]:mapping=tex-text;!
Missing character: There is no ο in font [lmroman10-italic]:mapping=tex-text;!
Missing character: There is no ς in font [lmroman10-italic]:mapping=tex-text;!
 [122] [123] [124] [125] [126] [127] [128] [129] [130] [131]
[132] [133] [134] [135] [136] [137]
Overfull \hbox (2.08406pt too wide) in paragraph at lines 7311--7312
[]\TU/lmr/m/n/10.95 If you don’t fight you’re probably not born again.
 []

[138]
Overfull \hbox (7.19118pt too wide) in paragraph at lines 7347--7348
[][]\TU/lmr/bx/n/10.95 Philippians 2:1-13[] \TU/lmr/m/n/10.95 - So if there is 
any encouragement in Christ, any comfort from love, any |   []
 []

[139] [140] [141] [142] [143]
Overfull \hbox (42.22986pt too wide) in paragraph at lines 7597--7598
[][]$[][][][][] [] [] [] [][][][][][][][][][][][] [] [][][][][][][][][] [] [][]
[] [] [][][][] [] [][] [] [][] [] [][][][][][][][][][][][][][][][][][][][][][][
][][][][][][][][][][][][][][][][][][][][][][][][][][][][][][][][][][][][][]$[] 

 []

[144] [145] [146] [147] [148] [149] [150] [151] [152] [153] [154] [155]
[156] [157] [158] [159] [160] [161] [162] [163] [164] [165] [166] [167]
[168] [169] [170] [171] [172] [173]
Missing character: There is no 🌹 in font [lmroman10-regular]:mapping=tex-text;!
 [174] [175] [176] [177] [178] [179]
[180] [181] [182]
Overfull \hbox (7.19118pt too wide) in paragraph at lines 9483--9484
[][]\TU/lmr/bx/n/10.95 Philippians 2:1-13[] \TU/lmr/m/n/10.95 - So if there is 
any encouragement in Christ, any comfort from love, any |   []
 []

[183] [184] [185] [186] [187] [188] [189] [190] [191] [192] [193] [194]
[195] [196] [197] [198] [199] [200] [201] [202] [203] [204] [205] [206]
[207] [208] [209] [210]
Underfull \hbox (badness 1117) in paragraph at lines 10857--10857
\TU/lmr/bx/n/10.95 esians 6:1-3[] \TU/lmr/m/n/10.95 - Children, obey
 []

[211]
Underfull \hbox (badness 1028) in paragraph at lines 10868--10868
[][]\TU/lmr/bx/n/10.95 I Timothy 1:8-11[] \TU/lmr/m/n/10.95 - Now we
 []


Underfull \hbox (badness 1360) in paragraph at lines 10869--10869
\TU/lmr/m/n/10.95 saints. (ESV) []\TU/lmr/bx/n/10.95 Luke 12:15[] \TU/lmr/m/n/1
0.95 -
 []

[212] [213] [214] [215] [216] [217] [218] [219] [220] [221] [222] [223]
Overfull \hbox (225.75902pt too wide) in paragraph at lines 11426--11426
[]\TU/lmr/bx/n/12 We are justified by faith in God who delivered up for our tre
spasses and $[]$ 
 []


Package hyperref Warning: Token not allowed in a PDF string (Unicode):
(hyperref)                removing `math shift' on input line 11426.


Package hyperref Warning: Token not allowed in a PDF string (Unicode):
(hyperref)                removing `\@@underline' on input line 11426.


Package hyperref Warning: Token not allowed in a PDF string (Unicode):
(hyperref)                removing `\hbox' on input line 11426.


Package hyperref Warning: Token not allowed in a PDF string (Unicode):
(hyperref)                removing `\mathsurround' on input line 11426.


Package hyperref Warning: Token not allowed in a PDF string (Unicode):
(hyperref)                removing `\z@' on input line 11426.


Package hyperref Warning: Token not allowed in a PDF string (Unicode):
(hyperref)                removing `math shift' on input line 11426.

[224] [225] [226] [227] [228]

Package hyperref Warning: Token not allowed in a PDF string (Unicode):
(hyperref)                removing `math shift' on input line 11742.


Package hyperref Warning: Token not allowed in a PDF string (Unicode):
(hyperref)                removing `\@@underline' on input line 11742.


Package hyperref Warning: Token not allowed in a PDF string (Unicode):
(hyperref)                removing `\hbox' on input line 11742.


Package hyperref Warning: Token not allowed in a PDF string (Unicode):
(hyperref)                removing `\mathsurround' on input line 11742.


Package hyperref Warning: Token not allowed in a PDF string (Unicode):
(hyperref)                removing `\z@' on input line 11742.


Package hyperref Warning: Token not allowed in a PDF string (Unicode):
(hyperref)                removing `math shift' on input line 11742.

[229]
Overfull \hbox (177.03938pt too wide) in paragraph at lines 11812--11813
[]
 []

[230] [231] [232] [233] [234] [235] [236] [237] [238] [239] [240] [241]
[242] [243] [244] [245] [246] [247] [248] [249] [250]

Package hyperref Warning: Token not allowed in a PDF string (Unicode):
(hyperref)                removing `math shift' on input line 12922.


Package hyperref Warning: Token not allowed in a PDF string (Unicode):
(hyperref)                removing `\@@underline' on input line 12922.


Package hyperref Warning: Token not allowed in a PDF string (Unicode):
(hyperref)                removing `\hbox' on input line 12922.


Package hyperref Warning: Token not allowed in a PDF string (Unicode):
(hyperref)                removing `\mathsurround' on input line 12922.


Package hyperref Warning: Token not allowed in a PDF string (Unicode):
(hyperref)                removing `\z@' on input line 12922.


Package hyperref Warning: Token not allowed in a PDF string (Unicode):
(hyperref)                removing `math shift' on input line 12922.

[251] [252] [253] [254] [255] [256] [257] [258]

Package hyperref Warning: Token not allowed in a PDF string (Unicode):
(hyperref)                removing `math shift' on input line 13314.


Package hyperref Warning: Token not allowed in a PDF string (Unicode):
(hyperref)                removing `\@@underline' on input line 13314.


Package hyperref Warning: Token not allowed in a PDF string (Unicode):
(hyperref)                removing `\hbox' on input line 13314.


Package hyperref Warning: Token not allowed in a PDF string (Unicode):
(hyperref)                removing `\mathsurround' on input line 13314.


Package hyperref Warning: Token not allowed in a PDF string (Unicode):
(hyperref)                removing `\z@' on input line 13314.


Package hyperref Warning: Token not allowed in a PDF string (Unicode):
(hyperref)                removing `math shift' on input line 13314.

[259] [260]
Overfull \hbox (165.07106pt too wide) in paragraph at lines 13400--13400
[] \TU/lmtt/m/n/10.95 9  13 [[https://www.biblegateway.com/passage/?search=Roma
ns%207%3A18&version=ESV][Rom. 7:18]],23; Eccles. 7:20; 1 John 1:8[] 
 []

[261] [262] [263] [264]

Package hyperref Warning: Difference (2) between bookmark levels is greater 
(hyperref)                than one, level fixed on input line 13589.

[265] [266] [267] [268] [269] [270] [271] [272] [273] [274]
Missing character: There is no λ in font [lmmono10-regular]:!
Missing character: There is no ο in font [lmmono10-regular]:!
Missing character: There is no γ in font [lmmono10-regular]:!
Missing character: There is no ι in font [lmmono10-regular]:!
Missing character: There is no ζ in font [lmmono10-regular]:!
Missing character: There is no ό in font [lmmono10-regular]:!
Missing character: There is no μ in font [lmmono10-regular]:!
Missing character: There is no ε in font [lmmono10-regular]:!
Missing character: There is no θ in font [lmmono10-regular]:!
Missing character: There is no α in font [lmmono10-regular]:!
Missing character: There is no γ in font [lmmono10-regular]:!
Missing character: There is no ὰ in font [lmmono10-regular]:!
Missing character: There is no ρ in font [lmmono10-regular]:!
Missing character: There is no δ in font [lmmono10-regular]:!
Missing character: There is no ι in font [lmmono10-regular]:!
Missing character: There is no κ in font [lmmono10-regular]:!
Missing character: There is no α in font [lmmono10-regular]:!
Missing character: There is no ι in font [lmmono10-regular]:!
Missing character: There is no ο in font [lmmono10-regular]:!
Missing character: There is no ῦ in font [lmmono10-regular]:!
Missing character: There is no σ in font [lmmono10-regular]:!
Missing character: There is no θ in font [lmmono10-regular]:!
Missing character: There is no α in font [lmmono10-regular]:!
Missing character: There is no ι in font [lmmono10-regular]:!
Missing character: There is no π in font [lmmono10-regular]:!
Missing character: There is no ί in font [lmmono10-regular]:!
Missing character: There is no σ in font [lmmono10-regular]:!
Missing character: There is no τ in font [lmmono10-regular]:!
Missing character: There is no ε in font [lmmono10-regular]:!
Missing character: There is no ι in font [lmmono10-regular]:!
Missing character: There is no ἄ in font [lmmono10-regular]:!
Missing character: There is no ν in font [lmmono10-regular]:!
Missing character: There is no θ in font [lmmono10-regular]:!
Missing character: There is no ρ in font [lmmono10-regular]:!
Missing character: There is no ω in font [lmmono10-regular]:!
Missing character: There is no π in font [lmmono10-regular]:!
Missing character: There is no ο in font [lmmono10-regular]:!
Missing character: There is no ν in font [lmmono10-regular]:!
Missing character: There is no χ in font [lmmono10-regular]:!
Missing character: There is no ω in font [lmmono10-regular]:!
Missing character: There is no ρ in font [lmmono10-regular]:!
Missing character: There is no ὶ in font [lmmono10-regular]:!
Missing character: There is no ς in font [lmmono10-regular]:!
Missing character: There is no ἔ in font [lmmono10-regular]:!
Missing character: There is no ρ in font [lmmono10-regular]:!
Missing character: There is no γ in font [lmmono10-regular]:!
Missing character: There is no ω in font [lmmono10-regular]:!
Missing character: There is no ν in font [lmmono10-regular]:!
Missing character: There is no ν in font [lmmono10-regular]:!
Missing character: There is no ό in font [lmmono10-regular]:!
Missing character: There is no μ in font [lmmono10-regular]:!
Missing character: There is no ο in font [lmmono10-regular]:!
Missing character: There is no υ in font [lmmono10-regular]:!
 [275] [276]
[277] [278] [279] [280] [281] [282]
Overfull \hbox (3.58777pt too wide) in paragraph at lines 14526--14527
[]\TU/lmr/m/n/10.95 You’ve
 []

[283] [284] [285] [286] [287] [288] [289] [290
! Interruption.
<write> 
        \protect \BOOKMARK [3][-]{subsubsection.17.6.3}{Lordship\040salvatio...
l.14913 \end{quote}
                   
? 
! Emergency stop.
<write> 
        \protect \BOOKMARK [3][-]{subsubsection.17.6.3}{Lordship\040salvatio...
l.14913 \end{quote}
                   
End of file on the terminal!

 
Here is how much of TeX's memory you used:
 11289 strings out of 494868
 159714 string characters out of 6175714
 490333 words of memory out of 5000000
 15122 multiletter control sequences out of 15000+600000
 10403 words of font info for 53 fonts, out of 8000000 for 9000
 14 hyphenation exceptions out of 8191
 28i,9n,45p,3505b,514s stack positions out of 5000i,500n,10000p,200000b,80000s
Error 2 (driver return code) generating output;
file ./faith-and-judgement.pdf may not be valid.
