\BOOKMARK [1][-]{section.1}{My\040thoughts\040and\040bible\040references\040regarding\040theology}{}% 1
\BOOKMARK [2][-]{subsection.1.1}{Bible\040versions\040used\040in\040this\040document}{section.1}% 2
\BOOKMARK [1][-]{section.2}{Being\040born-again}{}% 3
\BOOKMARK [2][-]{subsubsection.2.0.1}{That's\040because\040God\040gives\040us\040a\040new\040spirit\040to\040obey\040Him:}{section.2}% 4
\BOOKMARK [2][-]{subsection.2.1}{Eventually\040our\040own\040will\040lines\040up\040with\040God's\040will}{section.2}% 5
\BOOKMARK [2][-]{subsection.2.2}{In\040God's\040mercy,\040we\040come\040to\040obedient\040faith\040and\040come\040into\040Christ\040Jesus}{section.2}% 6
\BOOKMARK [3][-]{subsubsection.2.2.1}{In\040Christ\040Jesus,\040the\040blood\040of\040Jesus\040cleanses\040us\040from\040all\040sin}{subsection.2.2}% 7
\BOOKMARK [2][-]{subsection.2.3}{Obedience\040is\040absolutely\040within\040our\040ability}{section.2}% 8
\BOOKMARK [3][-]{subsubsection.2.3.1}{We\040are\040saved\040by\040grace\040through\040faith\040in\040Jesus\040Christ}{subsection.2.3}% 9
\BOOKMARK [3][-]{subsubsection.2.3.2}{We\040become\040obedient\040to\040Jesus}{subsection.2.3}% 10
\BOOKMARK [3][-]{subsubsection.2.3.3}{There's\040some\040bonuses\040to\040suffering\040for\040Christ's\040sake\040and\040for\040endurance}{subsection.2.3}% 11
\BOOKMARK [3][-]{subsubsection.2.3.4}{Eternal\040life\040and\040salvation\040is\040a\040gift\040received\040through\040faith}{subsection.2.3}% 12
\BOOKMARK [2][-]{subsection.2.4}{Disobedience\040is\040sin}{section.2}% 13
\BOOKMARK [2][-]{subsection.2.5}{God\040makes\040us\040born-again,\040so\040we\040can\040love\040Him,\040obediently}{section.2}% 14
\BOOKMARK [2][-]{subsection.2.6}{Eternal\040security\040for\040those\040who\040follow\040Jesus}{section.2}% 15
\BOOKMARK [2][-]{subsection.2.7}{Some\040indicators\040to\040know\040for\040SURE\040you\040are\040saved}{section.2}% 16
\BOOKMARK [1][-]{section.3}{Following\040Jesus}{}% 17
\BOOKMARK [1][-]{section.4}{Great\040commission}{}% 18
\BOOKMARK [2][-]{subsection.4.1}{Even\040the\040Old\040Testament\040makes\040a\040person\040wise\040for\040salvation\040through\040faith\040in\040Christ\040Jesus:}{section.4}% 19
\BOOKMARK [2][-]{subsection.4.2}{Jesus}{section.4}% 20
\BOOKMARK [2][-]{subsection.4.3}{Belief}{section.4}% 21
\BOOKMARK [2][-]{subsection.4.4}{Our\040obedience\040is\040penitent,\040not\040perfect}{section.4}% 22
\BOOKMARK [3][-]{subsubsection.4.4.1}{Faith\040is\040not\040merely\040belief,\040but\040faith\040is\040walking\040as\040Abraham\040did\040-\040believing\040and\040obedient}{subsection.4.4}% 23
\BOOKMARK [3][-]{subsubsection.4.4.2}{Joy\040requires\040apostolic\040work}{subsection.4.4}% 24
\BOOKMARK [3][-]{subsubsection.4.4.3}{We\040are\040bought\040with\040the\040precious\040blood\040of\040Christ\040and\040we\040should\040be\040obedient\040to\040God}{subsection.4.4}% 25
\BOOKMARK [3][-]{subsubsection.4.4.4}{Eternal\040salvation\040goes\040to\040those\040who\040obey\040Him}{subsection.4.4}% 26
\BOOKMARK [3][-]{subsubsection.4.4.5}{Faith\040in\040Jesus\040Christ's\040name\040to\040be\040saved}{subsection.4.4}% 27
\BOOKMARK [2][-]{subsection.4.5}{By\040God's\040grace\040God\040has\040saved\040us\040and\040provided\040us\040with\040a\040means\040to\040be\040reconciled\040to\040Him\040through\040trusting\040faith\040in\040Him}{section.4}% 28
\BOOKMARK [2][-]{subsection.4.6}{Receiving\040Jesus}{section.4}% 29
\BOOKMARK [3][-]{subsubsection.4.6.1}{Receiving\040Jesus\040may\040be\040as\040easy\040as\040receiving\040the\040one\040who\040He\040sends,\040or\040receiving\040a\040child\040in\040His\040name}{subsection.4.6}% 30
\BOOKMARK [3][-]{subsubsection.4.6.2}{Receive\040Jesus\040and\040His\040words,\040and\040then\040put\040to\040death\040the\040deeds\040of\040the\040body}{subsection.4.6}% 31
\BOOKMARK [3][-]{subsubsection.4.6.3}{God\040through\040His\040mercy\040saves\040us.\040We\040should\040respond\040well}{subsection.4.6}% 32
\BOOKMARK [3][-]{subsubsection.4.6.4}{Those\040who\040have\040a\040heart\040of\040faith\040towards\040Him\040\(and\040anyone\040who\040He\040wills\)\040may\040receive\040forgiveness\040of\040sins\040through\040his\040name}{subsection.4.6}% 33
\BOOKMARK [2][-]{subsection.4.7}{I\040believe\040that\040a\040loving,\040trusting\040\(\040believing\040and\040obedient\040\)\040heart\040for\040Jesus\040Christ\040is\040essential\040for\040permanent\040abiding\040in\040Him}{section.4}% 34
\BOOKMARK [3][-]{subsubsection.4.7.1}{My\040understanding\040of\040repentance}{subsection.4.7}% 35
\BOOKMARK [3][-]{subsubsection.4.7.2}{We\040must\040have\040a\040changed\040heart,\040which\040longs\040to\040serve\040the\040living\040God,\040to\040be\040a\040bondservant\040of\040Jesus.\040AMEN!!}{subsection.4.7}% 36
\BOOKMARK [3][-]{subsubsection.4.7.3}{Work\040may\040be\040burned\040up,\040and\040the\040person\040who\040has\040a\040believing\040and\040obedient\040heart\040is\040still\040saved}{subsection.4.7}% 37
\BOOKMARK [3][-]{subsubsection.4.7.4}{Forever\040abiding\040is\040believing\040and\040being\040a\040disciple,\040a\040servant}{subsection.4.7}% 38
\BOOKMARK [2][-]{subsection.4.8}{Gospel}{section.4}% 39
\BOOKMARK [3][-]{subsubsection.4.8.1}{Living\040a\040godly\040life\040in\040Christ\040Jesus\040is\040part\040of\040the\040gospel}{subsection.4.8}% 40
\BOOKMARK [3][-]{subsubsection.4.8.2}{Faith\040is\040disqualified\040in\040people\040who\040disregard\040the\040teachings\040-\040they\040never\040arrive\040at\040the\040knowledge\040of\040the\040truth}{subsection.4.8}% 41
\BOOKMARK [2][-]{subsection.4.9}{Be\040a\040disciple\040of\040Jesus\040to\040be\040set\040free\040and\040abide\040forever}{section.4}% 42
\BOOKMARK [3][-]{subsubsection.4.9.1}{The\040high\040cost\040of\040following\040Christ}{subsection.4.9}% 43
\BOOKMARK [3][-]{subsubsection.4.9.2}{Give\040our\040mind\040to\040Christ}{subsection.4.9}% 44
\BOOKMARK [2][-]{subsection.4.10}{The\040free\040gift\040of\040salvation\040is\040to\040be\040set\040free\040from\040sin\040to\040be\040a\040slave\040of\040righteousness}{section.4}% 45
\BOOKMARK [3][-]{subsubsection.4.10.1}{Receiving\040the\040Holy\040Spirit}{subsection.4.10}% 46
\BOOKMARK [2][-]{subsection.4.11}{Becoming\040a\040servant,\040humbling\040oneself\040and\040following\040Jesus\040is\040what\040we\040should\040do}{section.4}% 47
\BOOKMARK [2][-]{subsection.4.12}{I\040believe\040that\040I\040should\040try\040as\040hard\040as\040I\040can\040to\040enter\040via\040the\040narrow\040gate}{section.4}% 48
\BOOKMARK [3][-]{subsubsection.4.12.1}{Narrow\040is\040the\040gate\040and\040hard\040is\040the\040way\040that\040leads\040to\040life}{subsection.4.12}% 49
\BOOKMARK [3][-]{subsubsection.4.12.2}{Wide\040gate}{subsection.4.12}% 50
\BOOKMARK [3][-]{subsubsection.4.12.3}{Obedience\040to\040Jesus\040has\040everything\040to\040do\040with\040receiving\040Him,\040and\040receiving\040Salvation}{subsection.4.12}% 51
\BOOKMARK [3][-]{subsubsection.4.12.4}{Disobedience}{subsection.4.12}% 52
\BOOKMARK [3][-]{subsubsection.4.12.5}{The\040way\040is\040easy\040that\040leads\040to\040destruction}{subsection.4.12}% 53
\BOOKMARK [3][-]{subsubsection.4.12.6}{Narrow\040gate}{subsection.4.12}% 54
\BOOKMARK [3][-]{subsubsection.4.12.7}{The\040narrow\040gate\040vitally\040requires\040submitting\040to\040God's\040righteousness.\040We\040need\040God's\040forgiveness\040and\040His\040justification\040that\040comes\040through\040faith}{subsection.4.12}% 55
\BOOKMARK [3][-]{subsubsection.4.12.8}{We\040have\040to\040receive\040the\040Kingdom\040like\040a\040child.\040Don't\040resist\040Jesus\040or\040His\040teachings\040-\040follow\040Jesus}{subsection.4.12}% 56
\BOOKMARK [3][-]{subsubsection.4.12.9}{We\040have\040to\040believe\040in\040and\040obey\040Jesus.\040We\040all\040fall\040short\040but\040we\040still\040must\040have\040faith\040in\040Jesus}{subsection.4.12}% 57
\BOOKMARK [3][-]{subsubsection.4.12.10}{All\040judgement\040has\040been\040given\040to\040Jesus}{subsection.4.12}% 58
\BOOKMARK [3][-]{subsubsection.4.12.11}{The\040gospel\040has\040to\040be\040obeyed}{subsection.4.12}% 59
\BOOKMARK [3][-]{subsubsection.4.12.12}{God\040will\040be\040the\040judge\040of\040who\040has\040had\040faith\040in\040Jesus,\040and\040who\040has\040obeyed\040Him.\040I\040wouldn't\040take\040obedience\040lightly}{subsection.4.12}% 60
\BOOKMARK [3][-]{subsubsection.4.12.13}{Jesus\040was\040extremely\040humble\040here.\040Likewise,\040we\040should\040be\040able\040to\040recognise\040that\040we\040need\040Him\040as\040our\040Lord\040looking\040over\040us}{subsection.4.12}% 61
\BOOKMARK [3][-]{subsubsection.4.12.14}{Let\040us\040serve\040Jesus\040Christ\040in\040truth,\040and\040have\040confidence}{subsection.4.12}% 62
\BOOKMARK [3][-]{subsubsection.4.12.15}{We\040must\040recognise\040that\040where\040our\040efforts\040to\040obey\040falls\040short,\040Jesus's\040blood\040covers\040us.\040But\040we\040must\040still\040have\040the\040heart\040to\040make\040Jesus\040our\040Lord\040and\040King,\040and\040be\040following\040Him}{subsection.4.12}% 63
\BOOKMARK [3][-]{subsubsection.4.12.16}{Do\040not\040condemn\040others.\040Speak\040the\040truth\040and\040leave\040judgement\040to\040the\040Judge}{subsection.4.12}% 64
\BOOKMARK [3][-]{subsubsection.4.12.17}{Jesus\040Christ\040is\040the\040word\040of\040life,\040Jesus\040Christ\040is\040the\040eternal\040life}{subsection.4.12}% 65
\BOOKMARK [3][-]{subsubsection.4.12.18}{Simply\040tell\040the\040truth\040from\040God.\040We\040must\040not\040reject\040Jesus}{subsection.4.12}% 66
\BOOKMARK [3][-]{subsubsection.4.12.19}{Jesus\040is\040Almighty\040God's\040Son\040and\040is\040sitting\040in\040Power\040next\040to\040His\040Father}{subsection.4.12}% 67
\BOOKMARK [3][-]{subsubsection.4.12.20}{Jesus\040has\040overcome\040the\040world}{subsection.4.12}% 68
\BOOKMARK [3][-]{subsubsection.4.12.21}{Jesus\040is\040the\040Lamb\040of\040God\040who\040sits\040with\040God\040on\040God's\040throne}{subsection.4.12}% 69
\BOOKMARK [3][-]{subsubsection.4.12.22}{Follow\040Jesus\040for\040eternal\040life.\040Jesus\040is\040the\040Bread\040of\040Life}{subsection.4.12}% 70
\BOOKMARK [3][-]{subsubsection.4.12.23}{Believe\040Jesus\040and\040allow\040His\040word\040to\040abide\040in\040you}{subsection.4.12}% 71
\BOOKMARK [3][-]{subsubsection.4.12.24}{We\040are\040implored\040to\040love\040Jesus\040and\040follow\040Him}{subsection.4.12}% 72
\BOOKMARK [3][-]{subsubsection.4.12.25}{We\040must\040listen\040to\040Jesus}{subsection.4.12}% 73
\BOOKMARK [3][-]{subsubsection.4.12.26}{We\040are\040implored\040to\040honour\040Jesus}{subsection.4.12}% 74
\BOOKMARK [3][-]{subsubsection.4.12.27}{We\040are\040implored\040to\040keep\040Jesus'\040words}{subsection.4.12}% 75
\BOOKMARK [3][-]{subsubsection.4.12.28}{We\040must\040receive\040Jesus.\040Jesus\040is\040God's\040Only-Begotten\040Son}{subsection.4.12}% 76
\BOOKMARK [3][-]{subsubsection.4.12.29}{Even\040those\040who\040have\040faith\040in\040Jesus\040Christ's\040name\040may\040have\040the\040right\040to\040be\040born\040of\040God\040and\040become\040children\040of\040God}{subsection.4.12}% 77
\BOOKMARK [3][-]{subsubsection.4.12.30}{We\040must\040do\040the\040will\040of\040God,\040which\040is\040the\040food\040and\040drink\040which\040Jesus\040gives\040us}{subsection.4.12}% 78
\BOOKMARK [3][-]{subsubsection.4.12.31}{Having\040faith\040\(living\040in\040accordance\040with\040the\040truth,\040and\040in\040relationship\040with\040God\)\040is\040asked\040of\040us\040-\040faith\040continues}{subsection.4.12}% 79
\BOOKMARK [3][-]{subsubsection.4.12.32}{We\040must\040abide\040by\040his\040teaching}{subsection.4.12}% 80
\BOOKMARK [3][-]{subsubsection.4.12.33}{We\040must\040live\040sowing\040to\040the\040Spirit}{subsection.4.12}% 81
\BOOKMARK [3][-]{subsubsection.4.12.34}{We\040must\040be\040servants\040of\040Christ}{subsection.4.12}% 82
\BOOKMARK [3][-]{subsubsection.4.12.35}{We\040must\040remain\040ultimately\040faithful\040to\040Jesus\040Christ,\040and\040never\040deny\040Him\040as\040our\040only\040Master\040and\040Lord}{subsection.4.12}% 83
\BOOKMARK [3][-]{subsubsection.4.12.36}{We\040must\040endeavour\040to\040live\040faithfully\040to\040our\040Jesus\040Christ}{subsection.4.12}% 84
\BOOKMARK [3][-]{subsubsection.4.12.37}{Christian\040faith\040looks\040like\040this}{subsection.4.12}% 85
\BOOKMARK [3][-]{subsubsection.4.12.38}{We\040should\040clean\040ourselves\040with\040the\040aid\040of\040the\040Word\040and\040the\040Holy\040Spirit}{subsection.4.12}% 86
\BOOKMARK [3][-]{subsubsection.4.12.39}{We\040must\040clean\040ourselves\040up\040with\040God's\040help}{subsection.4.12}% 87
\BOOKMARK [3][-]{subsubsection.4.12.40}{We\040must\040be\040wanting\040to\040be\040cleaned\040of\040sin}{subsection.4.12}% 88
\BOOKMARK [3][-]{subsubsection.4.12.41}{We\040should\040put\040the\040ignorant\040to\040silence\040through\040doing\040good}{subsection.4.12}% 89
\BOOKMARK [3][-]{subsubsection.4.12.42}{The\040obedient\040children\040are\040the\040ones\040who\040are\040not\040conformed\040to\040the\040passions\040of\040our\040former\040ignorance}{subsection.4.12}% 90
\BOOKMARK [3][-]{subsubsection.4.12.43}{The\040sons\040of\040disobedience\040are\040the\040ones\040who\040are\040conformed\040to\040sexual\040immorality,\040impurity,\040or\040covetousness,\040etc.}{subsection.4.12}% 91
\BOOKMARK [3][-]{subsubsection.4.12.44}{Get\040to\040know\040Jesus\040by\040following\040His\040commandments}{subsection.4.12}% 92
\BOOKMARK [3][-]{subsubsection.4.12.45}{Atonement}{subsection.4.12}% 93
\BOOKMARK [3][-]{subsubsection.4.12.46}{Whoever\040makes\040an\040appeal\040to\040God,\040calls\040upon\040His\040name\040will\040be\040saved}{subsection.4.12}% 94
\BOOKMARK [3][-]{subsubsection.4.12.47}{Baptism\040is\040an\040appeal\040to\040God\040for\040a\040good\040conscience\040through\040the\040[death\040and]\040resurrection\040of\040Jesus\040Christ's,\040taking\040part\040in\040it}{subsection.4.12}% 95
\BOOKMARK [2][-]{subsection.4.13}{Obedience\040-\040A\040heart\040of\040obedience\040is\040the\040start\040of\040faith,\040and\040belief\040is\040the\040start\040of\040continued\040obedience}{section.4}% 96
\BOOKMARK [3][-]{subsubsection.4.13.1}{Continued\040revelation\040comes\040from\040having\040a\040heart\040of\040obedience\040towards\040God}{subsection.4.13}% 97
\BOOKMARK [3][-]{subsubsection.4.13.2}{God's\040commanded\040is\040for\040everyone\040to\040come\040to\040the\040obedience\040of\040having\040faith\040in\040Him\040through\040Jesus\040Christ}{subsection.4.13}% 98
\BOOKMARK [3][-]{subsubsection.4.13.3}{Fear\040of\040the\040Lord}{subsection.4.13}% 99
\BOOKMARK [2][-]{subsection.4.14}{Repentance\040does\040involve\040turning\040from\040sin}{section.4}% 100
\BOOKMARK [3][-]{subsubsection.4.14.1}{Justification\040by\040having\040faith\040like\040Abraham\040in\040He\040who\040raised\040Jesus\040Christ\040from\040the\040dead}{subsection.4.14}% 101
\BOOKMARK [2][-]{subsection.4.15}{The\040obedient\040children\040are\040the\040ones\040who\040are\040not\040conformed\040to\040the\040passions\040of\040our\040former\040ignorance}{section.4}% 102
\BOOKMARK [3][-]{subsubsection.4.15.1}{Jesus\040Christ\040has\040explained\040what\040the\040faith\040of\040Abraham\040looks\040like\040for\040someone\040who\040believes\040in\040Him}{subsection.4.15}% 103
\BOOKMARK [2][-]{subsection.4.16}{Get\040to\040know\040Jesus\040by\040following\040His\040commandments}{section.4}% 104
\BOOKMARK [2][-]{subsection.4.17}{The\040sons\040of\040disobedience\040are\040the\040ones\040who\040are\040conformed\040to\040sexual\040immorality,\040impurity,\040or\040covetousness,\040etc.}{section.4}% 105
\BOOKMARK [3][-]{subsubsection.4.17.1}{All\040sin\040is\040lawlessness}{subsection.4.17}% 106
\BOOKMARK [1][-]{section.5}{Try\040to\040clarify\040what\040sin\040looks\040like\040from\040Bible\040verses}{}% 107
\BOOKMARK [2][-]{subsection.5.1}{Iniquity\040and\040sin:\040In\040this\040case,\040sin\040is\040the\040verb,\040I\040think,\040and\040iniquity\040is\040the\040noun}{section.5}% 108
\BOOKMARK [2][-]{subsection.5.2}{God\040searches\040the\040heart\040and\040tests\040the\040mind}{section.5}% 109
\BOOKMARK [2][-]{subsection.5.3}{The\040law\040is\040laid\040down\040for\040the\040sinners}{section.5}% 110
\BOOKMARK [2][-]{subsection.5.4}{Whoever\040transgresses\040the\040law\040is\040liable\040to\040judgement}{section.5}% 111
\BOOKMARK [2][-]{subsection.5.5}{Sin\040-\040what\040does\040it\040look\040like}{section.5}% 112
\BOOKMARK [3][-]{subsubsection.5.5.1}{Transgressing\040the\04010\040commandments}{subsection.5.5}% 113
\BOOKMARK [3][-]{subsubsection.5.5.2}{Having\040a\040will\040to\040do\040evil,\040rather\040than\040a\040will\040to\040do\040God's\040will}{subsection.5.5}% 114
\BOOKMARK [3][-]{subsubsection.5.5.3}{All\040manner\040of\040unrighteousness}{subsection.5.5}% 115
\BOOKMARK [3][-]{subsubsection.5.5.4}{Murder}{subsection.5.5}% 116
\BOOKMARK [3][-]{subsubsection.5.5.5}{Theft}{subsection.5.5}% 117
\BOOKMARK [3][-]{subsubsection.5.5.6}{Rejecting\040the\040word\040of\040the\040LORD}{subsection.5.5}% 118
\BOOKMARK [3][-]{subsubsection.5.5.7}{Wandering\040/\040backsliding\040from\040God}{subsection.5.5}% 119
\BOOKMARK [3][-]{subsubsection.5.5.8}{Prophesying\040lies}{subsection.5.5}% 120
\BOOKMARK [3][-]{subsubsection.5.5.9}{Ungodliness}{subsection.5.5}% 121
\BOOKMARK [3][-]{subsubsection.5.5.10}{Pride,\040debauchery,\040greed}{subsection.5.5}% 122
\BOOKMARK [3][-]{subsubsection.5.5.11}{Pride\040in\040self\040and\040lack\040of\040humility\040towards\040God}{subsection.5.5}% 123
\BOOKMARK [3][-]{subsubsection.5.5.12}{Discouraging\040the\040righteous,\040encouraging\040the\040wicked,\040even\040to\040misguide\040them\040to\040harm}{subsection.5.5}% 124
\BOOKMARK [3][-]{subsubsection.5.5.13}{Dishonesty}{subsection.5.5}% 125
\BOOKMARK [3][-]{subsubsection.5.5.14}{Lies\040and\040adultery}{subsection.5.5}% 126
\BOOKMARK [3][-]{subsubsection.5.5.15}{Iniquity}{subsection.5.5}% 127
\BOOKMARK [3][-]{subsubsection.5.5.16}{Profaning\040what\040is\040holy}{subsection.5.5}% 128
\BOOKMARK [3][-]{subsubsection.5.5.17}{Blasphemy}{subsection.5.5}% 129
\BOOKMARK [3][-]{subsubsection.5.5.18}{Lawlessness\040is\040sin\040-\040unresponsive\040and\040disobedient\040to\040God}{subsection.5.5}% 130
\BOOKMARK [3][-]{subsubsection.5.5.19}{Rebellion\040against\040God\040is\040sin}{subsection.5.5}% 131
\BOOKMARK [3][-]{subsubsection.5.5.20}{Not\040caring\040for\040the\040innocent}{subsection.5.5}% 132
\BOOKMARK [3][-]{subsubsection.5.5.21}{Doing\040evil\040deeds\040is\040sin}{subsection.5.5}% 133
\BOOKMARK [3][-]{subsubsection.5.5.22}{unjust\040gain}{subsection.5.5}% 134
\BOOKMARK [3][-]{subsubsection.5.5.23}{dishonesty}{subsection.5.5}% 135
\BOOKMARK [3][-]{subsubsection.5.5.24}{idolatry}{subsection.5.5}% 136
\BOOKMARK [3][-]{subsubsection.5.5.25}{sexual\040immorality}{subsection.5.5}% 137
\BOOKMARK [3][-]{subsubsection.5.5.26}{carnal,\040fleshly\040things,\040greed\040and\040self-indulgence}{subsection.5.5}% 138
\BOOKMARK [3][-]{subsubsection.5.5.27}{unnatural\040desire}{subsection.5.5}% 139
\BOOKMARK [3][-]{subsubsection.5.5.28}{Abortion}{subsection.5.5}% 140
\BOOKMARK [3][-]{subsubsection.5.5.29}{More\040sins\040condemned\040by\040the\040early\040Church}{subsection.5.5}% 141
\BOOKMARK [1][-]{section.6}{If\040the\040world\040is\040encouraging\040you,\040you're\040probably\040in\040falsehood\040or\040taking\040the\040wide\040road}{}% 142
\BOOKMARK [1][-]{section.7}{The\040times\040of\040ignorance\040are\040past}{}% 143
\BOOKMARK [1][-]{section.8}{Common\040grace}{}% 144
\BOOKMARK [1][-]{section.9}{Justification\040-\040declared\040'not\040guilty',\040if\040in\040Christ\040Jesus}{}% 145
\BOOKMARK [2][-]{subsection.9.1}{We\040must\040live\040by\040faith\040-\040live\040by\040obedience\040to\040God!}{section.9}% 146
\BOOKMARK [2][-]{subsection.9.2}{We\040must\040be\040found\040in\040Jesus}{section.9}% 147
\BOOKMARK [2][-]{subsection.9.3}{The\040ones\040who\040are\040in\040Jesus\040have\040been\040called\040out\040of\040darkness\040and\040into\040His\040light}{section.9}% 148
\BOOKMARK [2][-]{subsection.9.4}{Sanctification\040\(turning\040from\040sin\040and\040being\040cleaned\)\040is\040a\040marker\040of\040those\040who\040are\040in\040Jesus}{section.9}% 149
\BOOKMARK [2][-]{subsection.9.5}{We\040are\040justified\040by\040faith\040in\040God\040who\040delivered\040up\040for\040our\040trespasses\040and\040raised\040Jesus\040Christ\040from\040the\040dead\040for\040our\040justification}{section.9}% 150
\BOOKMARK [2][-]{subsection.9.6}{Justified\040by\040our\040words}{section.9}% 151
\BOOKMARK [2][-]{subsection.9.7}{Justified\040by\040grace}{section.9}% 152
\BOOKMARK [3][-]{subsubsection.9.7.1}{Justified\040by\040faith}{subsection.9.7}% 153
\BOOKMARK [3][-]{subsubsection.9.7.2}{Justified\040by\040obedience\040\(working\040faith\)}{subsection.9.7}% 154
\BOOKMARK [3][-]{subsubsection.9.7.3}{Justified\040by\040the\040blood\040of\040Jesus,\040received\040through\040obedience\040to\040Jesus\040Christ\040as\040Lord}{subsection.9.7}% 155
\BOOKMARK [3][-]{subsubsection.9.7.4}{Believing\040the\040Word\040of\040Truth\040-\040sealed\040with\040the\040promised\040Holy\040Spirit}{subsection.9.7}% 156
\BOOKMARK [2][-]{subsection.9.8}{Faith,\040Law,\040Works}{section.9}% 157
\BOOKMARK [3][-]{subsubsection.9.8.1}{Love\040is\040defined\040by\040Jesus}{subsection.9.8}% 158
\BOOKMARK [3][-]{subsubsection.9.8.2}{Christians\040are\040not\040under\040the\040Mosaic\040law\040because\040we\040are\040under\040Christ's\040law,\040but\040we\040don't\040despise\040the\040Torah,\040nor\040annul\040it,\040nor\040teach\040others\040to\040annul\040it}{subsection.9.8}% 159
\BOOKMARK [3][-]{subsubsection.9.8.3}{Didache}{subsection.9.8}% 160
\BOOKMARK [3][-]{subsubsection.9.8.4}{Our\040point\040of\040reference}{subsection.9.8}% 161
\BOOKMARK [3][-]{subsubsection.9.8.5}{Purity\040of\040heart}{subsection.9.8}% 162
\BOOKMARK [3][-]{subsubsection.9.8.6}{Impurity\040lies\040the\040heart}{subsection.9.8}% 163
\BOOKMARK [3][-]{subsubsection.9.8.7}{Purifying\040the\040heart}{subsection.9.8}% 164
\BOOKMARK [3][-]{subsubsection.9.8.8}{Being\040a\040slave\040to\040righteousness\040is\040possible\040without\040adhering\040to\040the\040Mosaic\040law,\040by\040being\040led\040by\040Jesus'\040Spirit}{subsection.9.8}% 165
\BOOKMARK [3][-]{subsubsection.9.8.9}{If\040a\040person\040is\040led\040by\040the\040Spirit\040then\040the\040Lord\040Jesus\040is\040in\040control\040of\040their\040life,\040which\040means\040that\040person\040obeys\040Jesus'\040commandments:}{subsection.9.8}% 166
\BOOKMARK [3][-]{subsubsection.9.8.10}{We\040must\040have\040attention\040to\040Jesus\040Christ\040our\040Lord}{subsection.9.8}% 167
\BOOKMARK [3][-]{subsubsection.9.8.11}{Make\040the\040tree\040good\040and\040the\040fruit\040good}{subsection.9.8}% 168
\BOOKMARK [3][-]{subsubsection.9.8.12}{Judgement}{subsection.9.8}% 169
\BOOKMARK [3][-]{subsubsection.9.8.13}{I\040believe\040I\040was\040saved\040and\040born-again\040by\040seeking\040Jesus\040and\040calling\040on\040the\040name\040of\040the\040Lord}{subsection.9.8}% 170
\BOOKMARK [3][-]{subsubsection.9.8.14}{We\040should\040not\040rebel\040against\040the\040law\040-\040but\040we\040should\040obey\040the\040truth\040in\040truth}{subsection.9.8}% 171
\BOOKMARK [1][-]{section.10}{Faith\040requires\040obedience}{}% 172
\BOOKMARK [2][-]{subsection.10.1}{The\040obedient\040children\040are\040the\040ones\040who\040are\040not\040conformed\040to\040the\040passions\040of\040our\040former\040ignorance}{section.10}% 173
\BOOKMARK [2][-]{subsection.10.2}{The\040sons\040of\040disobedience\040are\040the\040ones\040who\040are\040conformed\040to\040sexual\040immorality,\040impurity,\040or\040covetousness,\040etc.}{section.10}% 174
\BOOKMARK [2][-]{subsection.10.3}{Get\040to\040know\040Jesus\040by\040following\040His\040commandments}{section.10}% 175
\BOOKMARK [1][-]{section.11}{True\040religion}{}% 176
\BOOKMARK [1][-]{section.12}{Repentance\040from\040sin}{}% 177
\BOOKMARK [2][-]{subsection.12.1}{Parable\040of\040the\040prodigal\040son\040-\040God's\040joy\040over\040a\040sinner\040that\040repents\040from\040sin}{section.12}% 178
\BOOKMARK [1][-]{section.13}{Obtain\040a\040faith\040of\040equal\040standing\040with\040the\040Apostles\040by\040the\040righteousness\040of\040our\040God\040and\040Savior\040Jesus\040Christ}{}% 179
\BOOKMARK [2][-]{subsection.13.1}{Knowing\040and\040being\040found\040in\040Christ\040Jesus\040is\040what\040it's\040all\040about}{section.13}% 180
\BOOKMARK [2][-]{subsection.13.2}{We\040must\040believe\040the\040truth,\040stop\040sinning,\040and\040live\040to\040righteousness}{section.13}% 181
\BOOKMARK [3][-]{subsubsection.13.2.1}{Holiness}{subsection.13.2}% 182
\BOOKMARK [3][-]{subsubsection.13.2.2}{We\040approach\040Christ's\040very\040image}{subsection.13.2}% 183
\BOOKMARK [3][-]{subsubsection.13.2.3}{Repentance:\040Put\040off\040the\040old\040self}{subsection.13.2}% 184
\BOOKMARK [3][-]{subsubsection.13.2.4}{Put\040on\040the\040new\040self:\040Christ-likeness}{subsection.13.2}% 185
\BOOKMARK [3][-]{subsubsection.13.2.5}{What\040must\040be\040believe,\040and\040what\040we\040must\040do:\040Walk\040in\040truth\040and\040love\040the\040way\040Jesus\040has\040commanded\040us}{subsection.13.2}% 186
\BOOKMARK [3][-]{subsubsection.13.2.6}{Come\040to\040the\040knowledge\040of\040the\040truth}{subsection.13.2}% 187
\BOOKMARK [1][-]{section.14}{Sanctification}{}% 188
\BOOKMARK [2][-]{subsection.14.1}{Allow\040myself\040to\040be\040corrected}{section.14}% 189
\BOOKMARK [2][-]{subsection.14.2}{Be\040corrected\040by\040the\040truth}{section.14}% 190
\BOOKMARK [2][-]{subsection.14.3}{Repent\040of\040evil\040deeds,\040feelings\040and\040thoughts}{section.14}% 191
\BOOKMARK [2][-]{subsection.14.4}{Renew\040our\040minds}{section.14}% 192
\BOOKMARK [2][-]{subsection.14.5}{Be\040qualified\040regarding\040the\040faith\040-\040renewed\040in\040mind,\040not\040opposing\040the\040truth}{section.14}% 193
\BOOKMARK [3][-]{subsubsection.14.5.1}{Set\040our\040mind\040on\040heavenly\040things,\040not\040earthly\040things}{subsection.14.5}% 194
\BOOKMARK [2][-]{subsection.14.6}{Put\040a\040stop\040to\040sin\040and\040practice\040personal\040righteousness}{section.14}% 195
\BOOKMARK [2][-]{subsection.14.7}{Sanctification\040by\040the\040Spirit\040and\040faith\040/\040obedience}{section.14}% 196
\BOOKMARK [2][-]{subsection.14.8}{God\040is\040the\040source\040of\040our\040life\040in\040Christ\040Jesus.\040Jesus\040is\040the\040source\040of\040our\040wisdom\040and\040righteousness\040and\040sanctification\040and\040redemption}{section.14}% 197
\BOOKMARK [3][-]{subsubsection.14.8.1}{We\040only\040boast\040in\040Christ\040Jesus,\040since\040He\040is\040our\040wisdom,\040righteousness,\040sanctification\040and\040redemption}{subsection.14.8}% 198
\BOOKMARK [3][-]{subsubsection.14.8.2}{Filled\040with\040the\040fruit\040of\040righteousness\040that\040comes\040through\040Jesus\040Christ,\040to\040the\040glory\040and\040praise\040of\040God}{subsection.14.8}% 199
\BOOKMARK [2][-]{subsection.14.9}{We\040must\040both\040believe\040the\040truth\040and\040be\040sanctified,\040and\040stop\040sinning\040to\040be\040saved}{section.14}% 200
\BOOKMARK [3][-]{subsubsection.14.9.1}{Bad\040desire\040-\040leads\040to\040death.\040We\040do\040not\040want\040to\040be\040enslaved\040to\040corruption}{subsection.14.9}% 201
\BOOKMARK [3][-]{subsubsection.14.9.2}{Good\040desire\040-\040Love\040God\040and\040one's\040neighbour}{subsection.14.9}% 202
\BOOKMARK [1][-]{section.15}{Clearing\040up\040justifying\040faith\040vs\040'justifying\040works',\040which\040isn't\040a\040thing}{}% 203
\BOOKMARK [2][-]{subsection.15.1}{You\040can't\040work\040for\040justification.\040We\040must\040have\040faith\040on\040God\040justifying\040us\040even\040though\040we\040are\040ungodly}{section.15}% 204
\BOOKMARK [2][-]{subsection.15.2}{Obedient\040action\040including\040seeking\040God\040in\040faith\040\(trusting\040God's\040words\040and\040seeking\)}{section.15}% 205
\BOOKMARK [2][-]{subsection.15.3}{Obedience\040belongs\040in\040faith}{section.15}% 206
\BOOKMARK [2][-]{subsection.15.4}{The\040type\040of\040work\040that\040is\040good\040-\040works\040done\040in\040faith}{section.15}% 207
\BOOKMARK [3][-]{subsubsection.15.4.1}{Since\040Jesus\040has\040made\040the\040way,\040we\040serve\040God\040with\040good\040works.\040We\040have\040received\040mercy.\040We\040should\040then\040be\040merciful:}{subsection.15.4}% 208
\BOOKMARK [3][-]{subsubsection.15.4.2}{Works\040must\040serve\040God,\040submitted\040to\040the\040righteousness\040that\040comes\040from\040God}{subsection.15.4}% 209
\BOOKMARK [2][-]{subsection.15.5}{Dead\040works:\040