\BOOKMARK [1][-]{section.1}{My thoughts and bible references regarding theology}{}% 1
\BOOKMARK [1][-]{section.2}{Justifying faith vs justifying works is misunderstood and is a false dichotomy}{}% 2
\BOOKMARK [2][-]{subsection.2.1}{The type of work that is good}{section.2}% 3
\BOOKMARK [2][-]{subsection.2.2}{The type of work that's bad}{section.2}% 4
\BOOKMARK [2][-]{subsection.2.3}{Justifying faith should result in going from disobedient to obedient}{section.2}% 5
\BOOKMARK [2][-]{subsection.2.4}{Obedience is essential to justifying faith}{section.2}% 6
\BOOKMARK [2][-]{subsection.2.5}{Jesus' odedience resulted in turning others to obedience}{section.2}% 7
\BOOKMARK [3][-]{subsubsection.2.5.1}{Likewise, we are commanded to do the same}{subsection.2.5}% 8
\BOOKMARK [2][-]{subsection.2.6}{It is the mercy of God that we are turned from disobedience to obedience}{section.2}% 9
\BOOKMARK [2][-]{subsection.2.7}{What we hear and how we hear}{section.2}% 10
\BOOKMARK [3][-]{subsubsection.2.7.1}{Garden of Eden}{subsection.2.7}% 11
\BOOKMARK [1][-]{section.3}{laws}{}% 12
\BOOKMARK [1][-]{section.4}{Commandments and faith}{}% 13
\BOOKMARK [1][-]{section.5}{Jesus fulfilled the law}{}% 14
\BOOKMARK [2][-]{subsection.5.1}{Justified by faith alone}{section.5}% 15
\BOOKMARK [3][-]{subsubsection.5.1.1}{Saving faith - believing and observing Jesus' work}{subsection.5.1}% 16
\BOOKMARK [3][-]{subsubsection.5.1.2}{Saving faith - by the grace of God alone - no works of faith}{subsection.5.1}% 17
\BOOKMARK [3][-]{subsubsection.5.1.3}{Saving faith - a life of faith}{subsection.5.1}% 18
\BOOKMARK [3][-]{subsubsection.5.1.4}{Saving faith / Works of faith}{subsection.5.1}% 19
\BOOKMARK [3][-]{subsubsection.5.1.5}{Faith with works}{subsection.5.1}% 20
\BOOKMARK [2][-]{subsection.5.2}{Working faith / faith with substance}{section.5}% 21
\BOOKMARK [2][-]{subsection.5.3}{Entering into life / the Kingdom of Heaven}{section.5}% 22
\BOOKMARK [3][-]{subsubsection.5.3.1}{Follow the commandments \(get out of falsehood; stop sinning\) and put your heart in Heaven}{subsection.5.3}% 23
\BOOKMARK [3][-]{subsubsection.5.3.2}{Then arriving at eternal life - follow Jesus}{subsection.5.3}% 24
\BOOKMARK [2][-]{subsection.5.4}{We are certainly supposed to keep the commandments - we're supposed to love God and our neighbour in truth}{section.5}% 25
\BOOKMARK [3][-]{subsubsection.5.4.1}{Keeping the commandments is how to love.}{subsection.5.4}% 26
\BOOKMARK [3][-]{subsubsection.5.4.2}{It matters that we are loving, going into eternity}{subsection.5.4}% 27
\BOOKMARK [3][-]{subsubsection.5.4.3}{We must submit to the righteousness from God through faith in Jesus}{subsection.5.4}% 28
\BOOKMARK [3][-]{subsubsection.5.4.4}{The honour is for those who believe}{subsection.5.4}% 29
\BOOKMARK [1][-]{section.6}{Coming into the Body of Christ / into abiding in Jesus}{}% 30
\BOOKMARK [1][-]{section.7}{Faith}{}% 31
\BOOKMARK [1][-]{section.8}{Receiving the Holy Spirit}{}% 32
\BOOKMARK [2][-]{subsection.8.1}{The Holy Spirit cleanses the heart by faith}{section.8}% 33
\BOOKMARK [2][-]{subsection.8.2}{The faith itself may be a gift, but certainly is cooperative}{section.8}% 34
\BOOKMARK [3][-]{subsubsection.8.2.1}{Faith and works - they overlap and are not mutually exclusive!}{subsection.8.2}% 35
\BOOKMARK [3][-]{subsubsection.8.2.2}{The faith of Abraham looks like this. This is what salvation-accepting faith looks like}{subsection.8.2}% 36
\BOOKMARK [3][-]{subsubsection.8.2.3}{The repentance of turning away from sin is an act of faith / a work of faith and also essential for eternal life, I think}{subsection.8.2}% 37
\BOOKMARK [2][-]{subsection.8.3}{Loving God is obedience to God}{section.8}% 38
\BOOKMARK [2][-]{subsection.8.4}{The law}{section.8}% 39
\BOOKMARK [3][-]{subsubsection.8.4.1}{The law may be pursued by faith. Justification through faith}{subsection.8.4}% 40
\BOOKMARK [3][-]{subsubsection.8.4.2}{One in Christ Jesus - not excluding the adherent of the law}{subsection.8.4}% 41
\BOOKMARK [2][-]{subsection.8.5}{The law is good, if used properly - and its usage is part of the g